   1              		.cpu cortex-m4
   2              		.eabi_attribute 27, 1
   3              		.eabi_attribute 28, 1
   4              		.eabi_attribute 20, 1
   5              		.eabi_attribute 21, 1
   6              		.eabi_attribute 23, 3
   7              		.eabi_attribute 24, 1
   8              		.eabi_attribute 25, 1
   9              		.eabi_attribute 26, 1
  10              		.eabi_attribute 30, 4
  11              		.eabi_attribute 34, 1
  12              		.eabi_attribute 18, 4
  13              		.file	"fsl_sim.c"
  14              		.text
  15              	.Ltext0:
  16              		.cfi_sections	.debug_frame
  17              		.section	.text.SIM_SetUsbVoltRegulatorEnableMode,"ax",%progbits
  18              		.align	1
  19              		.global	SIM_SetUsbVoltRegulatorEnableMode
  20              		.syntax unified
  21              		.thumb
  22              		.thumb_func
  23              		.fpu fpv4-sp-d16
  25              	SIM_SetUsbVoltRegulatorEnableMode:
  26              	.LFB148:
  27              		.file 1 "../drivers/fsl_sim.c"
   1:../drivers/fsl_sim.c **** /*
   2:../drivers/fsl_sim.c ****  * The Clear BSD License
   3:../drivers/fsl_sim.c ****  * Copyright (c) 2015, Freescale Semiconductor, Inc.
   4:../drivers/fsl_sim.c ****  * Copyright 2016-2017 NXP
   5:../drivers/fsl_sim.c ****  * All rights reserved.
   6:../drivers/fsl_sim.c ****  *
   7:../drivers/fsl_sim.c ****  * Redistribution and use in source and binary forms, with or without modification,
   8:../drivers/fsl_sim.c ****  * are permitted (subject to the limitations in the disclaimer below) provided
   9:../drivers/fsl_sim.c ****  * that the following conditions are met:
  10:../drivers/fsl_sim.c ****  *
  11:../drivers/fsl_sim.c ****  * o Redistributions of source code must retain the above copyright notice, this list
  12:../drivers/fsl_sim.c ****  *   of conditions and the following disclaimer.
  13:../drivers/fsl_sim.c ****  *
  14:../drivers/fsl_sim.c ****  * o Redistributions in binary form must reproduce the above copyright notice, this
  15:../drivers/fsl_sim.c ****  *   list of conditions and the following disclaimer in the documentation and/or
  16:../drivers/fsl_sim.c ****  *   other materials provided with the distribution.
  17:../drivers/fsl_sim.c ****  *
  18:../drivers/fsl_sim.c ****  * o Neither the name of the copyright holder nor the names of its
  19:../drivers/fsl_sim.c ****  *   contributors may be used to endorse or promote products derived from this
  20:../drivers/fsl_sim.c ****  *   software without specific prior written permission.
  21:../drivers/fsl_sim.c ****  *
  22:../drivers/fsl_sim.c ****  * NO EXPRESS OR IMPLIED LICENSES TO ANY PARTY'S PATENT RIGHTS ARE GRANTED BY THIS LICENSE.
  23:../drivers/fsl_sim.c ****  * THIS SOFTWARE IS PROVIDED BY THE COPYRIGHT HOLDERS AND CONTRIBUTORS "AS IS" AND
  24:../drivers/fsl_sim.c ****  * ANY EXPRESS OR IMPLIED WARRANTIES, INCLUDING, BUT NOT LIMITED TO, THE IMPLIED
  25:../drivers/fsl_sim.c ****  * WARRANTIES OF MERCHANTABILITY AND FITNESS FOR A PARTICULAR PURPOSE ARE
  26:../drivers/fsl_sim.c ****  * DISCLAIMED. IN NO EVENT SHALL THE COPYRIGHT HOLDER OR CONTRIBUTORS BE LIABLE FOR
  27:../drivers/fsl_sim.c ****  * ANY DIRECT, INDIRECT, INCIDENTAL, SPECIAL, EXEMPLARY, OR CONSEQUENTIAL DAMAGES
  28:../drivers/fsl_sim.c ****  * (INCLUDING, BUT NOT LIMITED TO, PROCUREMENT OF SUBSTITUTE GOODS OR SERVICES;
  29:../drivers/fsl_sim.c ****  * LOSS OF USE, DATA, OR PROFITS; OR BUSINESS INTERRUPTION) HOWEVER CAUSED AND ON
  30:../drivers/fsl_sim.c ****  * ANY THEORY OF LIABILITY, WHETHER IN CONTRACT, STRICT LIABILITY, OR TORT
  31:../drivers/fsl_sim.c ****  * (INCLUDING NEGLIGENCE OR OTHERWISE) ARISING IN ANY WAY OUT OF THE USE OF THIS
  32:../drivers/fsl_sim.c ****  * SOFTWARE, EVEN IF ADVISED OF THE POSSIBILITY OF SUCH DAMAGE.
  33:../drivers/fsl_sim.c ****  */
  34:../drivers/fsl_sim.c **** 
  35:../drivers/fsl_sim.c **** #include "fsl_sim.h"
  36:../drivers/fsl_sim.c **** 
  37:../drivers/fsl_sim.c **** /*******************************************************************************
  38:../drivers/fsl_sim.c ****  * Codes
  39:../drivers/fsl_sim.c ****  ******************************************************************************/
  40:../drivers/fsl_sim.c **** #if (defined(FSL_FEATURE_SIM_OPT_HAS_USB_VOLTAGE_REGULATOR) && FSL_FEATURE_SIM_OPT_HAS_USB_VOLTAGE_
  41:../drivers/fsl_sim.c **** void SIM_SetUsbVoltRegulatorEnableMode(uint32_t mask)
  42:../drivers/fsl_sim.c **** {
  28              		.loc 1 42 0
  29              		.cfi_startproc
  30              		@ args = 0, pretend = 0, frame = 0
  31              		@ frame_needed = 0, uses_anonymous_args = 0
  32              		@ link register save eliminated.
  33              	.LVL0:
  43:../drivers/fsl_sim.c ****     SIM->SOPT1CFG |= (SIM_SOPT1CFG_URWE_MASK | SIM_SOPT1CFG_UVSWE_MASK | SIM_SOPT1CFG_USSWE_MASK);
  34              		.loc 1 43 0
  35 0000 054A     		ldr	r2, .L2
  36 0002 5368     		ldr	r3, [r2, #4]
  37 0004 43F0E063 		orr	r3, r3, #117440512
  38 0008 5360     		str	r3, [r2, #4]
  44:../drivers/fsl_sim.c **** 
  45:../drivers/fsl_sim.c ****     SIM->SOPT1 = (SIM->SOPT1 & ~kSIM_UsbVoltRegEnableInAllModes) | mask;
  39              		.loc 1 45 0
  40 000a 1368     		ldr	r3, [r2]
  41 000c 23F06043 		bic	r3, r3, #-536870912
  42 0010 1843     		orrs	r0, r0, r3
  43              	.LVL1:
  44 0012 1060     		str	r0, [r2]
  46:../drivers/fsl_sim.c **** }
  45              		.loc 1 46 0
  46 0014 7047     		bx	lr
  47              	.L3:
  48 0016 00BF     		.align	2
  49              	.L2:
  50 0018 00700440 		.word	1074032640
  51              		.cfi_endproc
  52              	.LFE148:
  54              		.section	.text.SIM_GetUniqueId,"ax",%progbits
  55              		.align	1
  56              		.global	SIM_GetUniqueId
  57              		.syntax unified
  58              		.thumb
  59              		.thumb_func
  60              		.fpu fpv4-sp-d16
  62              	SIM_GetUniqueId:
  63              	.LFB149:
  47:../drivers/fsl_sim.c **** #endif /* FSL_FEATURE_SIM_OPT_HAS_USB_VOLTAGE_REGULATOR */
  48:../drivers/fsl_sim.c **** 
  49:../drivers/fsl_sim.c **** void SIM_GetUniqueId(sim_uid_t *uid)
  50:../drivers/fsl_sim.c **** {
  64              		.loc 1 50 0
  65              		.cfi_startproc
  66              		@ args = 0, pretend = 0, frame = 0
  67              		@ frame_needed = 0, uses_anonymous_args = 0
  68              		@ link register save eliminated.
  69              	.LVL2:
  51:../drivers/fsl_sim.c **** #if defined(SIM_UIDH)
  52:../drivers/fsl_sim.c ****     uid->H = SIM->UIDH;
  53:../drivers/fsl_sim.c **** #endif
  54:../drivers/fsl_sim.c **** #if (defined(FSL_FEATURE_SIM_HAS_UIDM) && FSL_FEATURE_SIM_HAS_UIDM)
  55:../drivers/fsl_sim.c ****     uid->M = SIM->UIDM;
  56:../drivers/fsl_sim.c **** #else
  57:../drivers/fsl_sim.c ****     uid->MH = SIM->UIDMH;
  70              		.loc 1 57 0
  71 0000 064B     		ldr	r3, .L5
  72 0002 41F25802 		movw	r2, #4184
  73 0006 9A58     		ldr	r2, [r3, r2]
  74 0008 0260     		str	r2, [r0]
  58:../drivers/fsl_sim.c ****     uid->ML = SIM->UIDML;
  75              		.loc 1 58 0
  76 000a 41F25C02 		movw	r2, #4188
  77 000e 9A58     		ldr	r2, [r3, r2]
  78 0010 4260     		str	r2, [r0, #4]
  59:../drivers/fsl_sim.c **** #endif /* FSL_FEATURE_SIM_HAS_UIDM */
  60:../drivers/fsl_sim.c ****     uid->L = SIM->UIDL;
  79              		.loc 1 60 0
  80 0012 03F58353 		add	r3, r3, #4192
  81 0016 1B68     		ldr	r3, [r3]
  82 0018 8360     		str	r3, [r0, #8]
  61:../drivers/fsl_sim.c **** }
  83              		.loc 1 61 0
  84 001a 7047     		bx	lr
  85              	.L6:
  86              		.align	2
  87              	.L5:
  88 001c 00700440 		.word	1074032640
  89              		.cfi_endproc
  90              	.LFE149:
  92              		.text
  93              	.Letext0:
  94              		.file 2 "/opt/gcc-arm-none-eabi-7-2017-q4-major/arm-none-eabi/include/machine/_default_types.h"
  95              		.file 3 "/opt/gcc-arm-none-eabi-7-2017-q4-major/arm-none-eabi/include/sys/_stdint.h"
  96              		.file 4 "/opt/gcc-arm-none-eabi-7-2017-q4-major/arm-none-eabi/include/sys/lock.h"
  97              		.file 5 "/opt/gcc-arm-none-eabi-7-2017-q4-major/arm-none-eabi/include/sys/_types.h"
  98              		.file 6 "/opt/gcc-arm-none-eabi-7-2017-q4-major/lib/gcc/arm-none-eabi/7.2.1/include/stddef.h"
  99              		.file 7 "/opt/gcc-arm-none-eabi-7-2017-q4-major/arm-none-eabi/include/sys/reent.h"
 100              		.file 8 "../CMSIS/core_cm4.h"
 101              		.file 9 "../CMSIS/system_MK64F12.h"
 102              		.file 10 "../CMSIS/MK64F12.h"
 103              		.file 11 "../drivers/fsl_clock.h"
 104              		.file 12 "../drivers/fsl_sim.h"
