   1              		.cpu cortex-m4
   2              		.eabi_attribute 27, 1
   3              		.eabi_attribute 28, 1
   4              		.eabi_attribute 20, 1
   5              		.eabi_attribute 21, 1
   6              		.eabi_attribute 23, 3
   7              		.eabi_attribute 24, 1
   8              		.eabi_attribute 25, 1
   9              		.eabi_attribute 26, 1
  10              		.eabi_attribute 30, 4
  11              		.eabi_attribute 34, 1
  12              		.eabi_attribute 18, 4
  13              		.file	"fsl_flexbus.c"
  14              		.text
  15              	.Ltext0:
  16              		.cfi_sections	.debug_frame
  17              		.section	.text.FLEXBUS_Init,"ax",%progbits
  18              		.align	1
  19              		.global	FLEXBUS_Init
  20              		.syntax unified
  21              		.thumb
  22              		.thumb_func
  23              		.fpu fpv4-sp-d16
  25              	FLEXBUS_Init:
  26              	.LFB148:
  27              		.file 1 "../drivers/fsl_flexbus.c"
   1:../drivers/fsl_flexbus.c **** /*
   2:../drivers/fsl_flexbus.c ****  * The Clear BSD License
   3:../drivers/fsl_flexbus.c ****  * Copyright (c) 2015, Freescale Semiconductor, Inc.
   4:../drivers/fsl_flexbus.c ****  * Copyright 2016-2017 NXP
   5:../drivers/fsl_flexbus.c ****  * All rights reserved.
   6:../drivers/fsl_flexbus.c ****  *
   7:../drivers/fsl_flexbus.c ****  * Redistribution and use in source and binary forms, with or without modification,
   8:../drivers/fsl_flexbus.c ****  * are permitted (subject to the limitations in the disclaimer below) provided
   9:../drivers/fsl_flexbus.c ****  * that the following conditions are met:
  10:../drivers/fsl_flexbus.c ****  *
  11:../drivers/fsl_flexbus.c ****  * o Redistributions of source code must retain the above copyright notice, this list
  12:../drivers/fsl_flexbus.c ****  *   of conditions and the following disclaimer.
  13:../drivers/fsl_flexbus.c ****  *
  14:../drivers/fsl_flexbus.c ****  * o Redistributions in binary form must reproduce the above copyright notice, this
  15:../drivers/fsl_flexbus.c ****  *   list of conditions and the following disclaimer in the documentation and/or
  16:../drivers/fsl_flexbus.c ****  *   other materials provided with the distribution.
  17:../drivers/fsl_flexbus.c ****  *
  18:../drivers/fsl_flexbus.c ****  * o Neither the name of the copyright holder nor the names of its
  19:../drivers/fsl_flexbus.c ****  *   contributors may be used to endorse or promote products derived from this
  20:../drivers/fsl_flexbus.c ****  *   software without specific prior written permission.
  21:../drivers/fsl_flexbus.c ****  *
  22:../drivers/fsl_flexbus.c ****  * NO EXPRESS OR IMPLIED LICENSES TO ANY PARTY'S PATENT RIGHTS ARE GRANTED BY THIS LICENSE.
  23:../drivers/fsl_flexbus.c ****  * THIS SOFTWARE IS PROVIDED BY THE COPYRIGHT HOLDERS AND CONTRIBUTORS "AS IS" AND
  24:../drivers/fsl_flexbus.c ****  * ANY EXPRESS OR IMPLIED WARRANTIES, INCLUDING, BUT NOT LIMITED TO, THE IMPLIED
  25:../drivers/fsl_flexbus.c ****  * WARRANTIES OF MERCHANTABILITY AND FITNESS FOR A PARTICULAR PURPOSE ARE
  26:../drivers/fsl_flexbus.c ****  * DISCLAIMED. IN NO EVENT SHALL THE COPYRIGHT HOLDER OR CONTRIBUTORS BE LIABLE FOR
  27:../drivers/fsl_flexbus.c ****  * ANY DIRECT, INDIRECT, INCIDENTAL, SPECIAL, EXEMPLARY, OR CONSEQUENTIAL DAMAGES
  28:../drivers/fsl_flexbus.c ****  * (INCLUDING, BUT NOT LIMITED TO, PROCUREMENT OF SUBSTITUTE GOODS OR SERVICES;
  29:../drivers/fsl_flexbus.c ****  * LOSS OF USE, DATA, OR PROFITS; OR BUSINESS INTERRUPTION) HOWEVER CAUSED AND ON
  30:../drivers/fsl_flexbus.c ****  * ANY THEORY OF LIABILITY, WHETHER IN CONTRACT, STRICT LIABILITY, OR TORT
  31:../drivers/fsl_flexbus.c ****  * (INCLUDING NEGLIGENCE OR OTHERWISE) ARISING IN ANY WAY OUT OF THE USE OF THIS
  32:../drivers/fsl_flexbus.c ****  * SOFTWARE, EVEN IF ADVISED OF THE POSSIBILITY OF SUCH DAMAGE.
  33:../drivers/fsl_flexbus.c ****  */
  34:../drivers/fsl_flexbus.c **** 
  35:../drivers/fsl_flexbus.c **** #include "fsl_flexbus.h"
  36:../drivers/fsl_flexbus.c **** 
  37:../drivers/fsl_flexbus.c **** /*******************************************************************************
  38:../drivers/fsl_flexbus.c ****  * Prototypes
  39:../drivers/fsl_flexbus.c ****  ******************************************************************************/
  40:../drivers/fsl_flexbus.c **** 
  41:../drivers/fsl_flexbus.c **** /*!
  42:../drivers/fsl_flexbus.c ****  * @brief Gets the instance from the base address
  43:../drivers/fsl_flexbus.c ****  *
  44:../drivers/fsl_flexbus.c ****  * @param base FLEXBUS peripheral base address
  45:../drivers/fsl_flexbus.c ****  *
  46:../drivers/fsl_flexbus.c ****  * @return The FLEXBUS instance
  47:../drivers/fsl_flexbus.c ****  */
  48:../drivers/fsl_flexbus.c **** static uint32_t FLEXBUS_GetInstance(FB_Type *base);
  49:../drivers/fsl_flexbus.c **** 
  50:../drivers/fsl_flexbus.c **** /*******************************************************************************
  51:../drivers/fsl_flexbus.c ****  * Variables
  52:../drivers/fsl_flexbus.c ****  ******************************************************************************/
  53:../drivers/fsl_flexbus.c **** 
  54:../drivers/fsl_flexbus.c **** /*! @brief Pointers to FLEXBUS bases for each instance. */
  55:../drivers/fsl_flexbus.c **** static FB_Type *const s_flexbusBases[] = FB_BASE_PTRS;
  56:../drivers/fsl_flexbus.c **** 
  57:../drivers/fsl_flexbus.c **** #if !(defined(FSL_SDK_DISABLE_DRIVER_CLOCK_CONTROL) && FSL_SDK_DISABLE_DRIVER_CLOCK_CONTROL)
  58:../drivers/fsl_flexbus.c **** /*! @brief Pointers to FLEXBUS clocks for each instance. */
  59:../drivers/fsl_flexbus.c **** static const clock_ip_name_t s_flexbusClocks[] = FLEXBUS_CLOCKS;
  60:../drivers/fsl_flexbus.c **** #endif /* FSL_SDK_DISABLE_DRIVER_CLOCK_CONTROL */
  61:../drivers/fsl_flexbus.c **** 
  62:../drivers/fsl_flexbus.c **** /*******************************************************************************
  63:../drivers/fsl_flexbus.c ****  * Code
  64:../drivers/fsl_flexbus.c ****  ******************************************************************************/
  65:../drivers/fsl_flexbus.c **** 
  66:../drivers/fsl_flexbus.c **** static uint32_t FLEXBUS_GetInstance(FB_Type *base)
  67:../drivers/fsl_flexbus.c **** {
  68:../drivers/fsl_flexbus.c ****     uint32_t instance;
  69:../drivers/fsl_flexbus.c **** 
  70:../drivers/fsl_flexbus.c ****     /* Find the instance index from base address mappings. */
  71:../drivers/fsl_flexbus.c ****     for (instance = 0; instance < ARRAY_SIZE(s_flexbusBases); instance++)
  72:../drivers/fsl_flexbus.c ****     {
  73:../drivers/fsl_flexbus.c ****         if (s_flexbusBases[instance] == base)
  74:../drivers/fsl_flexbus.c ****         {
  75:../drivers/fsl_flexbus.c ****             break;
  76:../drivers/fsl_flexbus.c ****         }
  77:../drivers/fsl_flexbus.c ****     }
  78:../drivers/fsl_flexbus.c **** 
  79:../drivers/fsl_flexbus.c ****     assert(instance < ARRAY_SIZE(s_flexbusBases));
  80:../drivers/fsl_flexbus.c **** 
  81:../drivers/fsl_flexbus.c ****     return instance;
  82:../drivers/fsl_flexbus.c **** }
  83:../drivers/fsl_flexbus.c **** 
  84:../drivers/fsl_flexbus.c **** void FLEXBUS_Init(FB_Type *base, const flexbus_config_t *config)
  85:../drivers/fsl_flexbus.c **** {
  28              		.loc 1 85 0
  29              		.cfi_startproc
  30              		@ args = 0, pretend = 0, frame = 0
  31              		@ frame_needed = 0, uses_anonymous_args = 0
  32              	.LVL0:
  33              	.LBB6:
  34              	.LBB7:
  35              		.file 2 "../drivers/fsl_clock.h"
   1:../drivers/fsl_clock.h **** /*
   2:../drivers/fsl_clock.h ****  * The Clear BSD License
   3:../drivers/fsl_clock.h ****  * Copyright (c) 2015, Freescale Semiconductor, Inc.
   4:../drivers/fsl_clock.h ****  * Copyright (c) 2016 - 2017 , NXP
   5:../drivers/fsl_clock.h ****  * All rights reserved.
   6:../drivers/fsl_clock.h ****  *
   7:../drivers/fsl_clock.h ****  *
   8:../drivers/fsl_clock.h ****  * Redistribution and use in source and binary forms, with or without modification,
   9:../drivers/fsl_clock.h ****  * are permitted (subject to the limitations in the disclaimer below) provided
  10:../drivers/fsl_clock.h ****  * that the following conditions are met:
  11:../drivers/fsl_clock.h ****  *
  12:../drivers/fsl_clock.h ****  * o Redistributions of source code must retain the above copyright notice, this list
  13:../drivers/fsl_clock.h ****  *   of conditions and the following disclaimer.
  14:../drivers/fsl_clock.h ****  *
  15:../drivers/fsl_clock.h ****  * o Redistributions in binary form must reproduce the above copyright notice, this
  16:../drivers/fsl_clock.h ****  *   list of conditions and the following disclaimer in the documentation and/or
  17:../drivers/fsl_clock.h ****  *   other materials provided with the distribution.
  18:../drivers/fsl_clock.h ****  *
  19:../drivers/fsl_clock.h ****  * o Neither the name of copyright holder nor the names of its
  20:../drivers/fsl_clock.h ****  *   contributors may be used to endorse or promote products derived from this
  21:../drivers/fsl_clock.h ****  *   software without specific prior written permission.
  22:../drivers/fsl_clock.h ****  *
  23:../drivers/fsl_clock.h ****  * NO EXPRESS OR IMPLIED LICENSES TO ANY PARTY'S PATENT RIGHTS ARE GRANTED BY THIS LICENSE.
  24:../drivers/fsl_clock.h ****  * THIS SOFTWARE IS PROVIDED BY THE COPYRIGHT HOLDERS AND CONTRIBUTORS "AS IS" AND
  25:../drivers/fsl_clock.h ****  * ANY EXPRESS OR IMPLIED WARRANTIES, INCLUDING, BUT NOT LIMITED TO, THE IMPLIED
  26:../drivers/fsl_clock.h ****  * WARRANTIES OF MERCHANTABILITY AND FITNESS FOR A PARTICULAR PURPOSE ARE
  27:../drivers/fsl_clock.h ****  * DISCLAIMED. IN NO EVENT SHALL THE COPYRIGHT HOLDER OR CONTRIBUTORS BE LIABLE FOR
  28:../drivers/fsl_clock.h ****  * ANY DIRECT, INDIRECT, INCIDENTAL, SPECIAL, EXEMPLARY, OR CONSEQUENTIAL DAMAGES
  29:../drivers/fsl_clock.h ****  * (INCLUDING, BUT NOT LIMITED TO, PROCUREMENT OF SUBSTITUTE GOODS OR SERVICES;
  30:../drivers/fsl_clock.h ****  * LOSS OF USE, DATA, OR PROFITS; OR BUSINESS INTERRUPTION) HOWEVER CAUSED AND ON
  31:../drivers/fsl_clock.h ****  * ANY THEORY OF LIABILITY, WHETHER IN CONTRACT, STRICT LIABILITY, OR TORT
  32:../drivers/fsl_clock.h ****  * (INCLUDING NEGLIGENCE OR OTHERWISE) ARISING IN ANY WAY OUT OF THE USE OF THIS
  33:../drivers/fsl_clock.h ****  * SOFTWARE, EVEN IF ADVISED OF THE POSSIBILITY OF SUCH DAMAGE.
  34:../drivers/fsl_clock.h ****  */
  35:../drivers/fsl_clock.h **** 
  36:../drivers/fsl_clock.h **** #ifndef _FSL_CLOCK_H_
  37:../drivers/fsl_clock.h **** #define _FSL_CLOCK_H_
  38:../drivers/fsl_clock.h **** 
  39:../drivers/fsl_clock.h **** #include "fsl_common.h"
  40:../drivers/fsl_clock.h **** 
  41:../drivers/fsl_clock.h **** /*! @addtogroup clock */
  42:../drivers/fsl_clock.h **** /*! @{ */
  43:../drivers/fsl_clock.h **** 
  44:../drivers/fsl_clock.h **** /*! @file */
  45:../drivers/fsl_clock.h **** 
  46:../drivers/fsl_clock.h **** /*******************************************************************************
  47:../drivers/fsl_clock.h ****  * Configurations
  48:../drivers/fsl_clock.h ****  ******************************************************************************/
  49:../drivers/fsl_clock.h **** 
  50:../drivers/fsl_clock.h **** /*! @brief Configures whether to check a parameter in a function.
  51:../drivers/fsl_clock.h ****  *
  52:../drivers/fsl_clock.h ****  * Some MCG settings must be changed with conditions, for example:
  53:../drivers/fsl_clock.h ****  *  1. MCGIRCLK settings, such as the source, divider, and the trim value should not change when
  54:../drivers/fsl_clock.h ****  *     MCGIRCLK is used as a system clock source.
  55:../drivers/fsl_clock.h ****  *  2. MCG_C7[OSCSEL] should not be changed  when the external reference clock is used
  56:../drivers/fsl_clock.h ****  *     as a system clock source. For example, in FBE/BLPE/PBE modes.
  57:../drivers/fsl_clock.h ****  *  3. The users should only switch between the supported clock modes.
  58:../drivers/fsl_clock.h ****  *
  59:../drivers/fsl_clock.h ****  * MCG functions check the parameter and MCG status before setting, if not allowed
  60:../drivers/fsl_clock.h ****  * to change, the functions return error. The parameter checking increases code size,
  61:../drivers/fsl_clock.h ****  * if code size is a critical requirement, change #MCG_CONFIG_CHECK_PARAM to 0 to
  62:../drivers/fsl_clock.h ****  * disable parameter checking.
  63:../drivers/fsl_clock.h ****  */
  64:../drivers/fsl_clock.h **** #ifndef MCG_CONFIG_CHECK_PARAM
  65:../drivers/fsl_clock.h **** #define MCG_CONFIG_CHECK_PARAM 0U
  66:../drivers/fsl_clock.h **** #endif
  67:../drivers/fsl_clock.h **** 
  68:../drivers/fsl_clock.h **** /*! @brief Configure whether driver controls clock
  69:../drivers/fsl_clock.h ****  *
  70:../drivers/fsl_clock.h ****  * When set to 0, peripheral drivers will enable clock in initialize function
  71:../drivers/fsl_clock.h ****  * and disable clock in de-initialize function. When set to 1, peripheral
  72:../drivers/fsl_clock.h ****  * driver will not control the clock, application could contol the clock out of
  73:../drivers/fsl_clock.h ****  * the driver.
  74:../drivers/fsl_clock.h ****  *
  75:../drivers/fsl_clock.h ****  * @note All drivers share this feature switcher. If it is set to 1, application
  76:../drivers/fsl_clock.h ****  * should handle clock enable and disable for all drivers.
  77:../drivers/fsl_clock.h ****  */
  78:../drivers/fsl_clock.h **** #if !(defined(FSL_SDK_DISABLE_DRIVER_CLOCK_CONTROL))
  79:../drivers/fsl_clock.h **** #define FSL_SDK_DISABLE_DRIVER_CLOCK_CONTROL 0
  80:../drivers/fsl_clock.h **** #endif
  81:../drivers/fsl_clock.h **** 
  82:../drivers/fsl_clock.h **** /*******************************************************************************
  83:../drivers/fsl_clock.h ****  * Definitions
  84:../drivers/fsl_clock.h ****  ******************************************************************************/
  85:../drivers/fsl_clock.h **** 
  86:../drivers/fsl_clock.h **** /*! @name Driver version */
  87:../drivers/fsl_clock.h **** /*@{*/
  88:../drivers/fsl_clock.h **** /*! @brief CLOCK driver version 2.2.1. */
  89:../drivers/fsl_clock.h **** #define FSL_CLOCK_DRIVER_VERSION (MAKE_VERSION(2, 2, 1))
  90:../drivers/fsl_clock.h **** /*@}*/
  91:../drivers/fsl_clock.h **** 
  92:../drivers/fsl_clock.h **** /*! @brief External XTAL0 (OSC0) clock frequency.
  93:../drivers/fsl_clock.h ****  *
  94:../drivers/fsl_clock.h ****  * The XTAL0/EXTAL0 (OSC0) clock frequency in Hz. When the clock is set up, use the
  95:../drivers/fsl_clock.h ****  * function CLOCK_SetXtal0Freq to set the value in the clock driver. For example,
  96:../drivers/fsl_clock.h ****  * if XTAL0 is 8 MHz:
  97:../drivers/fsl_clock.h ****  * @code
  98:../drivers/fsl_clock.h ****  * CLOCK_InitOsc0(...); // Set up the OSC0
  99:../drivers/fsl_clock.h ****  * CLOCK_SetXtal0Freq(80000000); // Set the XTAL0 value to the clock driver.
 100:../drivers/fsl_clock.h ****  * @endcode
 101:../drivers/fsl_clock.h ****  *
 102:../drivers/fsl_clock.h ****  * This is important for the multicore platforms where only one core needs to set up the
 103:../drivers/fsl_clock.h ****  * OSC0 using the CLOCK_InitOsc0. All other cores need to call the CLOCK_SetXtal0Freq
 104:../drivers/fsl_clock.h ****  * to get a valid clock frequency.
 105:../drivers/fsl_clock.h ****  */
 106:../drivers/fsl_clock.h **** extern uint32_t g_xtal0Freq;
 107:../drivers/fsl_clock.h **** 
 108:../drivers/fsl_clock.h **** /*! @brief External XTAL32/EXTAL32/RTC_CLKIN clock frequency.
 109:../drivers/fsl_clock.h ****  *
 110:../drivers/fsl_clock.h ****  * The XTAL32/EXTAL32/RTC_CLKIN clock frequency in Hz. When the clock is set up, use the
 111:../drivers/fsl_clock.h ****  * function CLOCK_SetXtal32Freq to set the value in the clock driver.
 112:../drivers/fsl_clock.h ****  *
 113:../drivers/fsl_clock.h ****  * This is important for the multicore platforms where only one core needs to set up
 114:../drivers/fsl_clock.h ****  * the clock. All other cores need to call the CLOCK_SetXtal32Freq
 115:../drivers/fsl_clock.h ****  * to get a valid clock frequency.
 116:../drivers/fsl_clock.h ****  */
 117:../drivers/fsl_clock.h **** extern uint32_t g_xtal32Freq;
 118:../drivers/fsl_clock.h **** 
 119:../drivers/fsl_clock.h **** /*! @brief IRC48M clock frequency in Hz. */
 120:../drivers/fsl_clock.h **** #define MCG_INTERNAL_IRC_48M 48000000U
 121:../drivers/fsl_clock.h **** 
 122:../drivers/fsl_clock.h **** #if (defined(OSC) && !(defined(OSC0)))
 123:../drivers/fsl_clock.h **** #define OSC0 OSC
 124:../drivers/fsl_clock.h **** #endif
 125:../drivers/fsl_clock.h **** 
 126:../drivers/fsl_clock.h **** /*! @brief Clock ip name array for DMAMUX. */
 127:../drivers/fsl_clock.h **** #define DMAMUX_CLOCKS  \
 128:../drivers/fsl_clock.h ****     {                  \
 129:../drivers/fsl_clock.h ****         kCLOCK_Dmamux0 \
 130:../drivers/fsl_clock.h ****     }
 131:../drivers/fsl_clock.h **** 
 132:../drivers/fsl_clock.h **** /*! @brief Clock ip name array for RTC. */
 133:../drivers/fsl_clock.h **** #define RTC_CLOCKS  \
 134:../drivers/fsl_clock.h ****     {               \
 135:../drivers/fsl_clock.h ****         kCLOCK_Rtc0 \
 136:../drivers/fsl_clock.h ****     }
 137:../drivers/fsl_clock.h **** 
 138:../drivers/fsl_clock.h **** /*! @brief Clock ip name array for ENET. */
 139:../drivers/fsl_clock.h **** #define ENET_CLOCKS  \
 140:../drivers/fsl_clock.h ****     {                \
 141:../drivers/fsl_clock.h ****         kCLOCK_Enet0 \
 142:../drivers/fsl_clock.h ****     }
 143:../drivers/fsl_clock.h **** 
 144:../drivers/fsl_clock.h **** /*! @brief Clock ip name array for PORT. */
 145:../drivers/fsl_clock.h **** #define PORT_CLOCKS                                                          \
 146:../drivers/fsl_clock.h ****     {                                                                        \
 147:../drivers/fsl_clock.h ****         kCLOCK_PortA, kCLOCK_PortB, kCLOCK_PortC, kCLOCK_PortD, kCLOCK_PortE \
 148:../drivers/fsl_clock.h ****     }
 149:../drivers/fsl_clock.h **** 
 150:../drivers/fsl_clock.h **** /*! @brief Clock ip name array for SAI. */
 151:../drivers/fsl_clock.h **** #define SAI_CLOCKS  \
 152:../drivers/fsl_clock.h ****     {               \
 153:../drivers/fsl_clock.h ****         kCLOCK_Sai0 \
 154:../drivers/fsl_clock.h ****     }
 155:../drivers/fsl_clock.h **** 
 156:../drivers/fsl_clock.h **** /*! @brief Clock ip name array for FLEXBUS. */
 157:../drivers/fsl_clock.h **** #define FLEXBUS_CLOCKS  \
 158:../drivers/fsl_clock.h ****     {                   \
 159:../drivers/fsl_clock.h ****         kCLOCK_Flexbus0 \
 160:../drivers/fsl_clock.h ****     }
 161:../drivers/fsl_clock.h **** 
 162:../drivers/fsl_clock.h **** /*! @brief Clock ip name array for EWM. */
 163:../drivers/fsl_clock.h **** #define EWM_CLOCKS  \
 164:../drivers/fsl_clock.h ****     {               \
 165:../drivers/fsl_clock.h ****         kCLOCK_Ewm0 \
 166:../drivers/fsl_clock.h ****     }
 167:../drivers/fsl_clock.h **** 
 168:../drivers/fsl_clock.h **** /*! @brief Clock ip name array for PIT. */
 169:../drivers/fsl_clock.h **** #define PIT_CLOCKS  \
 170:../drivers/fsl_clock.h ****     {               \
 171:../drivers/fsl_clock.h ****         kCLOCK_Pit0 \
 172:../drivers/fsl_clock.h ****     }
 173:../drivers/fsl_clock.h **** 
 174:../drivers/fsl_clock.h **** /*! @brief Clock ip name array for DSPI. */
 175:../drivers/fsl_clock.h **** #define DSPI_CLOCKS                           \
 176:../drivers/fsl_clock.h ****     {                                         \
 177:../drivers/fsl_clock.h ****         kCLOCK_Spi0, kCLOCK_Spi1, kCLOCK_Spi2 \
 178:../drivers/fsl_clock.h ****     }
 179:../drivers/fsl_clock.h **** 
 180:../drivers/fsl_clock.h **** /*! @brief Clock ip name array for LPTMR. */
 181:../drivers/fsl_clock.h **** #define LPTMR_CLOCKS  \
 182:../drivers/fsl_clock.h ****     {                 \
 183:../drivers/fsl_clock.h ****         kCLOCK_Lptmr0 \
 184:../drivers/fsl_clock.h ****     }
 185:../drivers/fsl_clock.h **** 
 186:../drivers/fsl_clock.h **** /*! @brief Clock ip name array for SDHC. */
 187:../drivers/fsl_clock.h **** #define SDHC_CLOCKS  \
 188:../drivers/fsl_clock.h ****     {                \
 189:../drivers/fsl_clock.h ****         kCLOCK_Sdhc0 \
 190:../drivers/fsl_clock.h ****     }
 191:../drivers/fsl_clock.h **** 
 192:../drivers/fsl_clock.h **** /*! @brief Clock ip name array for FTM. */
 193:../drivers/fsl_clock.h **** #define FTM_CLOCKS                                         \
 194:../drivers/fsl_clock.h ****     {                                                      \
 195:../drivers/fsl_clock.h ****         kCLOCK_Ftm0, kCLOCK_Ftm1, kCLOCK_Ftm2, kCLOCK_Ftm3 \
 196:../drivers/fsl_clock.h ****     }
 197:../drivers/fsl_clock.h **** 
 198:../drivers/fsl_clock.h **** /*! @brief Clock ip name array for EDMA. */
 199:../drivers/fsl_clock.h **** #define EDMA_CLOCKS \
 200:../drivers/fsl_clock.h ****     {               \
 201:../drivers/fsl_clock.h ****         kCLOCK_Dma0 \
 202:../drivers/fsl_clock.h ****     }
 203:../drivers/fsl_clock.h **** 
 204:../drivers/fsl_clock.h **** /*! @brief Clock ip name array for FLEXCAN. */
 205:../drivers/fsl_clock.h **** #define FLEXCAN_CLOCKS  \
 206:../drivers/fsl_clock.h ****     {                   \
 207:../drivers/fsl_clock.h ****         kCLOCK_Flexcan0 \
 208:../drivers/fsl_clock.h ****     }
 209:../drivers/fsl_clock.h **** 
 210:../drivers/fsl_clock.h **** /*! @brief Clock ip name array for DAC. */
 211:../drivers/fsl_clock.h **** #define DAC_CLOCKS               \
 212:../drivers/fsl_clock.h ****     {                            \
 213:../drivers/fsl_clock.h ****         kCLOCK_Dac0, kCLOCK_Dac1 \
 214:../drivers/fsl_clock.h ****     }
 215:../drivers/fsl_clock.h **** 
 216:../drivers/fsl_clock.h **** /*! @brief Clock ip name array for ADC16. */
 217:../drivers/fsl_clock.h **** #define ADC16_CLOCKS             \
 218:../drivers/fsl_clock.h ****     {                            \
 219:../drivers/fsl_clock.h ****         kCLOCK_Adc0, kCLOCK_Adc1 \
 220:../drivers/fsl_clock.h ****     }
 221:../drivers/fsl_clock.h **** 
 222:../drivers/fsl_clock.h **** /*! @brief Clock ip name array for MPU. */
 223:../drivers/fsl_clock.h **** #define SYSMPU_CLOCKS  \
 224:../drivers/fsl_clock.h ****     {                  \
 225:../drivers/fsl_clock.h ****         kCLOCK_Sysmpu0 \
 226:../drivers/fsl_clock.h ****     }
 227:../drivers/fsl_clock.h **** 
 228:../drivers/fsl_clock.h **** /*! @brief Clock ip name array for VREF. */
 229:../drivers/fsl_clock.h **** #define VREF_CLOCKS  \
 230:../drivers/fsl_clock.h ****     {                \
 231:../drivers/fsl_clock.h ****         kCLOCK_Vref0 \
 232:../drivers/fsl_clock.h ****     }
 233:../drivers/fsl_clock.h **** 
 234:../drivers/fsl_clock.h **** /*! @brief Clock ip name array for CMT. */
 235:../drivers/fsl_clock.h **** #define CMT_CLOCKS  \
 236:../drivers/fsl_clock.h ****     {               \
 237:../drivers/fsl_clock.h ****         kCLOCK_Cmt0 \
 238:../drivers/fsl_clock.h ****     }
 239:../drivers/fsl_clock.h **** 
 240:../drivers/fsl_clock.h **** /*! @brief Clock ip name array for UART. */
 241:../drivers/fsl_clock.h **** #define UART_CLOCKS                                                                        \
 242:../drivers/fsl_clock.h ****     {                                                                                      \
 243:../drivers/fsl_clock.h ****         kCLOCK_Uart0, kCLOCK_Uart1, kCLOCK_Uart2, kCLOCK_Uart3, kCLOCK_Uart4, kCLOCK_Uart5 \
 244:../drivers/fsl_clock.h ****     }
 245:../drivers/fsl_clock.h **** 
 246:../drivers/fsl_clock.h **** /*! @brief Clock ip name array for RNGA. */
 247:../drivers/fsl_clock.h **** #define RNGA_CLOCKS  \
 248:../drivers/fsl_clock.h ****     {                \
 249:../drivers/fsl_clock.h ****         kCLOCK_Rnga0 \
 250:../drivers/fsl_clock.h ****     }
 251:../drivers/fsl_clock.h **** 
 252:../drivers/fsl_clock.h **** /*! @brief Clock ip name array for CRC. */
 253:../drivers/fsl_clock.h **** #define CRC_CLOCKS  \
 254:../drivers/fsl_clock.h ****     {               \
 255:../drivers/fsl_clock.h ****         kCLOCK_Crc0 \
 256:../drivers/fsl_clock.h ****     }
 257:../drivers/fsl_clock.h **** 
 258:../drivers/fsl_clock.h **** /*! @brief Clock ip name array for I2C. */
 259:../drivers/fsl_clock.h **** #define I2C_CLOCKS                            \
 260:../drivers/fsl_clock.h ****     {                                         \
 261:../drivers/fsl_clock.h ****         kCLOCK_I2c0, kCLOCK_I2c1, kCLOCK_I2c2 \
 262:../drivers/fsl_clock.h ****     }
 263:../drivers/fsl_clock.h **** 
 264:../drivers/fsl_clock.h **** /*! @brief Clock ip name array for PDB. */
 265:../drivers/fsl_clock.h **** #define PDB_CLOCKS  \
 266:../drivers/fsl_clock.h ****     {               \
 267:../drivers/fsl_clock.h ****         kCLOCK_Pdb0 \
 268:../drivers/fsl_clock.h ****     }
 269:../drivers/fsl_clock.h **** 
 270:../drivers/fsl_clock.h **** /*! @brief Clock ip name array for FTF. */
 271:../drivers/fsl_clock.h **** #define FTF_CLOCKS  \
 272:../drivers/fsl_clock.h ****     {               \
 273:../drivers/fsl_clock.h ****         kCLOCK_Ftf0 \
 274:../drivers/fsl_clock.h ****     }
 275:../drivers/fsl_clock.h **** 
 276:../drivers/fsl_clock.h **** /*! @brief Clock ip name array for CMP. */
 277:../drivers/fsl_clock.h **** #define CMP_CLOCKS                            \
 278:../drivers/fsl_clock.h ****     {                                         \
 279:../drivers/fsl_clock.h ****         kCLOCK_Cmp0, kCLOCK_Cmp1, kCLOCK_Cmp2 \
 280:../drivers/fsl_clock.h ****     }
 281:../drivers/fsl_clock.h **** 
 282:../drivers/fsl_clock.h **** /*!
 283:../drivers/fsl_clock.h ****  * @brief LPO clock frequency.
 284:../drivers/fsl_clock.h ****  */
 285:../drivers/fsl_clock.h **** #define LPO_CLK_FREQ 1000U
 286:../drivers/fsl_clock.h **** 
 287:../drivers/fsl_clock.h **** /*! @brief Peripherals clock source definition. */
 288:../drivers/fsl_clock.h **** #define SYS_CLK kCLOCK_CoreSysClk
 289:../drivers/fsl_clock.h **** #define BUS_CLK kCLOCK_BusClk
 290:../drivers/fsl_clock.h **** 
 291:../drivers/fsl_clock.h **** #define I2C0_CLK_SRC BUS_CLK
 292:../drivers/fsl_clock.h **** #define I2C1_CLK_SRC BUS_CLK
 293:../drivers/fsl_clock.h **** #define I2C2_CLK_SRC BUS_CLK
 294:../drivers/fsl_clock.h **** #define DSPI0_CLK_SRC BUS_CLK
 295:../drivers/fsl_clock.h **** #define DSPI1_CLK_SRC BUS_CLK
 296:../drivers/fsl_clock.h **** #define DSPI2_CLK_SRC BUS_CLK
 297:../drivers/fsl_clock.h **** #define UART0_CLK_SRC SYS_CLK
 298:../drivers/fsl_clock.h **** #define UART1_CLK_SRC SYS_CLK
 299:../drivers/fsl_clock.h **** #define UART2_CLK_SRC BUS_CLK
 300:../drivers/fsl_clock.h **** #define UART3_CLK_SRC BUS_CLK
 301:../drivers/fsl_clock.h **** #define UART4_CLK_SRC BUS_CLK
 302:../drivers/fsl_clock.h **** #define UART5_CLK_SRC BUS_CLK
 303:../drivers/fsl_clock.h **** 
 304:../drivers/fsl_clock.h **** /*! @brief Clock name used to get clock frequency. */
 305:../drivers/fsl_clock.h **** typedef enum _clock_name
 306:../drivers/fsl_clock.h **** {
 307:../drivers/fsl_clock.h **** 
 308:../drivers/fsl_clock.h ****     /* ----------------------------- System layer clock -------------------------------*/
 309:../drivers/fsl_clock.h ****     kCLOCK_CoreSysClk,    /*!< Core/system clock                                         */
 310:../drivers/fsl_clock.h ****     kCLOCK_PlatClk,       /*!< Platform clock                                            */
 311:../drivers/fsl_clock.h ****     kCLOCK_BusClk,        /*!< Bus clock                                                 */
 312:../drivers/fsl_clock.h ****     kCLOCK_FlexBusClk,    /*!< FlexBus clock                                             */
 313:../drivers/fsl_clock.h ****     kCLOCK_FlashClk,      /*!< Flash clock                                               */
 314:../drivers/fsl_clock.h ****     kCLOCK_FastPeriphClk, /*!< Fast peripheral clock                                     */
 315:../drivers/fsl_clock.h ****     kCLOCK_PllFllSelClk,  /*!< The clock after SIM[PLLFLLSEL].                           */
 316:../drivers/fsl_clock.h **** 
 317:../drivers/fsl_clock.h ****     /* ---------------------------------- OSC clock -----------------------------------*/
 318:../drivers/fsl_clock.h ****     kCLOCK_Er32kClk,       /*!< External reference 32K clock (ERCLK32K)                   */
 319:../drivers/fsl_clock.h ****     kCLOCK_Osc0ErClk,      /*!< OSC0 external reference clock (OSC0ERCLK)                 */
 320:../drivers/fsl_clock.h ****     kCLOCK_Osc1ErClk,      /*!< OSC1 external reference clock (OSC1ERCLK)                 */
 321:../drivers/fsl_clock.h ****     kCLOCK_Osc0ErClkUndiv, /*!< OSC0 external reference undivided clock(OSC0ERCLK_UNDIV). */
 322:../drivers/fsl_clock.h **** 
 323:../drivers/fsl_clock.h ****     /* ----------------------------- MCG and MCG-Lite clock ---------------------------*/
 324:../drivers/fsl_clock.h ****     kCLOCK_McgFixedFreqClk,   /*!< MCG fixed frequency clock (MCGFFCLK)                      */
 325:../drivers/fsl_clock.h ****     kCLOCK_McgInternalRefClk, /*!< MCG internal reference clock (MCGIRCLK)                   */
 326:../drivers/fsl_clock.h ****     kCLOCK_McgFllClk,         /*!< MCGFLLCLK                                                 */
 327:../drivers/fsl_clock.h ****     kCLOCK_McgPll0Clk,        /*!< MCGPLL0CLK                                                */
 328:../drivers/fsl_clock.h ****     kCLOCK_McgPll1Clk,        /*!< MCGPLL1CLK                                                */
 329:../drivers/fsl_clock.h ****     kCLOCK_McgExtPllClk,      /*!< EXT_PLLCLK                                                */
 330:../drivers/fsl_clock.h ****     kCLOCK_McgPeriphClk,      /*!< MCG peripheral clock (MCGPCLK)                            */
 331:../drivers/fsl_clock.h ****     kCLOCK_McgIrc48MClk,      /*!< MCG IRC48M clock                                          */
 332:../drivers/fsl_clock.h **** 
 333:../drivers/fsl_clock.h ****     /* --------------------------------- Other clock ----------------------------------*/
 334:../drivers/fsl_clock.h ****     kCLOCK_LpoClk, /*!< LPO clock                                                 */
 335:../drivers/fsl_clock.h **** 
 336:../drivers/fsl_clock.h **** } clock_name_t;
 337:../drivers/fsl_clock.h **** 
 338:../drivers/fsl_clock.h **** /*! @brief USB clock source definition. */
 339:../drivers/fsl_clock.h **** typedef enum _clock_usb_src
 340:../drivers/fsl_clock.h **** {
 341:../drivers/fsl_clock.h ****     kCLOCK_UsbSrcPll0 = SIM_SOPT2_USBSRC(1U) | SIM_SOPT2_PLLFLLSEL(1U),   /*!< Use PLL0.      */
 342:../drivers/fsl_clock.h ****     kCLOCK_UsbSrcIrc48M = SIM_SOPT2_USBSRC(1U) | SIM_SOPT2_PLLFLLSEL(3U), /*!< Use IRC48M.    */
 343:../drivers/fsl_clock.h ****     kCLOCK_UsbSrcExt = SIM_SOPT2_USBSRC(0U)                               /*!< Use USB_CLKIN. */
 344:../drivers/fsl_clock.h **** } clock_usb_src_t;
 345:../drivers/fsl_clock.h **** 
 346:../drivers/fsl_clock.h **** /*------------------------------------------------------------------------------
 347:../drivers/fsl_clock.h **** 
 348:../drivers/fsl_clock.h ****  clock_gate_t definition:
 349:../drivers/fsl_clock.h **** 
 350:../drivers/fsl_clock.h ****  31                              16                              0
 351:../drivers/fsl_clock.h ****  -----------------------------------------------------------------
 352:../drivers/fsl_clock.h ****  | SIM_SCGC register offset       |   control bit offset in SCGC |
 353:../drivers/fsl_clock.h ****  -----------------------------------------------------------------
 354:../drivers/fsl_clock.h **** 
 355:../drivers/fsl_clock.h ****  For example, the SDHC clock gate is controlled by SIM_SCGC3[17], the
 356:../drivers/fsl_clock.h ****  SIM_SCGC3 offset in SIM is 0x1030, then kCLOCK_GateSdhc0 is defined as
 357:../drivers/fsl_clock.h **** 
 358:../drivers/fsl_clock.h ****               kCLOCK_GateSdhc0 = (0x1030 << 16) | 17;
 359:../drivers/fsl_clock.h **** 
 360:../drivers/fsl_clock.h **** ------------------------------------------------------------------------------*/
 361:../drivers/fsl_clock.h **** 
 362:../drivers/fsl_clock.h **** #define CLK_GATE_REG_OFFSET_SHIFT 16U
 363:../drivers/fsl_clock.h **** #define CLK_GATE_REG_OFFSET_MASK 0xFFFF0000U
 364:../drivers/fsl_clock.h **** #define CLK_GATE_BIT_SHIFT_SHIFT 0U
 365:../drivers/fsl_clock.h **** #define CLK_GATE_BIT_SHIFT_MASK 0x0000FFFFU
 366:../drivers/fsl_clock.h **** 
 367:../drivers/fsl_clock.h **** #define CLK_GATE_DEFINE(reg_offset, bit_shift)                                  \
 368:../drivers/fsl_clock.h ****     ((((reg_offset) << CLK_GATE_REG_OFFSET_SHIFT) & CLK_GATE_REG_OFFSET_MASK) | \
 369:../drivers/fsl_clock.h ****      (((bit_shift) << CLK_GATE_BIT_SHIFT_SHIFT) & CLK_GATE_BIT_SHIFT_MASK))
 370:../drivers/fsl_clock.h **** 
 371:../drivers/fsl_clock.h **** #define CLK_GATE_ABSTRACT_REG_OFFSET(x) (((x)&CLK_GATE_REG_OFFSET_MASK) >> CLK_GATE_REG_OFFSET_SHIF
 372:../drivers/fsl_clock.h **** #define CLK_GATE_ABSTRACT_BITS_SHIFT(x) (((x)&CLK_GATE_BIT_SHIFT_MASK) >> CLK_GATE_BIT_SHIFT_SHIFT)
 373:../drivers/fsl_clock.h **** 
 374:../drivers/fsl_clock.h **** /*! @brief Clock gate name used for CLOCK_EnableClock/CLOCK_DisableClock. */
 375:../drivers/fsl_clock.h **** typedef enum _clock_ip_name
 376:../drivers/fsl_clock.h **** {
 377:../drivers/fsl_clock.h ****     kCLOCK_IpInvalid = 0U,
 378:../drivers/fsl_clock.h ****     kCLOCK_I2c2 = CLK_GATE_DEFINE(0x1028U, 6U),
 379:../drivers/fsl_clock.h ****     kCLOCK_Uart4 = CLK_GATE_DEFINE(0x1028U, 10U),
 380:../drivers/fsl_clock.h ****     kCLOCK_Uart5 = CLK_GATE_DEFINE(0x1028U, 11U),
 381:../drivers/fsl_clock.h **** 
 382:../drivers/fsl_clock.h ****     kCLOCK_Enet0 = CLK_GATE_DEFINE(0x102CU, 0U),
 383:../drivers/fsl_clock.h ****     kCLOCK_Dac0 = CLK_GATE_DEFINE(0x102CU, 12U),
 384:../drivers/fsl_clock.h ****     kCLOCK_Dac1 = CLK_GATE_DEFINE(0x102CU, 13U),
 385:../drivers/fsl_clock.h **** 
 386:../drivers/fsl_clock.h ****     kCLOCK_Spi2 = CLK_GATE_DEFINE(0x1030U, 12U),
 387:../drivers/fsl_clock.h ****     kCLOCK_Sdhc0 = CLK_GATE_DEFINE(0x1030U, 17U),
 388:../drivers/fsl_clock.h ****     kCLOCK_Ftm3 = CLK_GATE_DEFINE(0x1030U, 25U),
 389:../drivers/fsl_clock.h ****     kCLOCK_Adc1 = CLK_GATE_DEFINE(0x1030U, 27U),
 390:../drivers/fsl_clock.h **** 
 391:../drivers/fsl_clock.h ****     kCLOCK_Ewm0 = CLK_GATE_DEFINE(0x1034U, 1U),
 392:../drivers/fsl_clock.h ****     kCLOCK_Cmt0 = CLK_GATE_DEFINE(0x1034U, 2U),
 393:../drivers/fsl_clock.h ****     kCLOCK_I2c0 = CLK_GATE_DEFINE(0x1034U, 6U),
 394:../drivers/fsl_clock.h ****     kCLOCK_I2c1 = CLK_GATE_DEFINE(0x1034U, 7U),
 395:../drivers/fsl_clock.h ****     kCLOCK_Uart0 = CLK_GATE_DEFINE(0x1034U, 10U),
 396:../drivers/fsl_clock.h ****     kCLOCK_Uart1 = CLK_GATE_DEFINE(0x1034U, 11U),
 397:../drivers/fsl_clock.h ****     kCLOCK_Uart2 = CLK_GATE_DEFINE(0x1034U, 12U),
 398:../drivers/fsl_clock.h ****     kCLOCK_Uart3 = CLK_GATE_DEFINE(0x1034U, 13U),
 399:../drivers/fsl_clock.h ****     kCLOCK_Usbfs0 = CLK_GATE_DEFINE(0x1034U, 18U),
 400:../drivers/fsl_clock.h ****     kCLOCK_Cmp0 = CLK_GATE_DEFINE(0x1034U, 19U),
 401:../drivers/fsl_clock.h ****     kCLOCK_Cmp1 = CLK_GATE_DEFINE(0x1034U, 19U),
 402:../drivers/fsl_clock.h ****     kCLOCK_Cmp2 = CLK_GATE_DEFINE(0x1034U, 19U),
 403:../drivers/fsl_clock.h ****     kCLOCK_Vref0 = CLK_GATE_DEFINE(0x1034U, 20U),
 404:../drivers/fsl_clock.h **** 
 405:../drivers/fsl_clock.h ****     kCLOCK_Lptmr0 = CLK_GATE_DEFINE(0x1038U, 0U),
 406:../drivers/fsl_clock.h ****     kCLOCK_PortA = CLK_GATE_DEFINE(0x1038U, 9U),
 407:../drivers/fsl_clock.h ****     kCLOCK_PortB = CLK_GATE_DEFINE(0x1038U, 10U),
 408:../drivers/fsl_clock.h ****     kCLOCK_PortC = CLK_GATE_DEFINE(0x1038U, 11U),
 409:../drivers/fsl_clock.h ****     kCLOCK_PortD = CLK_GATE_DEFINE(0x1038U, 12U),
 410:../drivers/fsl_clock.h ****     kCLOCK_PortE = CLK_GATE_DEFINE(0x1038U, 13U),
 411:../drivers/fsl_clock.h **** 
 412:../drivers/fsl_clock.h ****     kCLOCK_Ftf0 = CLK_GATE_DEFINE(0x103CU, 0U),
 413:../drivers/fsl_clock.h ****     kCLOCK_Dmamux0 = CLK_GATE_DEFINE(0x103CU, 1U),
 414:../drivers/fsl_clock.h ****     kCLOCK_Flexcan0 = CLK_GATE_DEFINE(0x103CU, 4U),
 415:../drivers/fsl_clock.h ****     kCLOCK_Rnga0 = CLK_GATE_DEFINE(0x103CU, 9U),
 416:../drivers/fsl_clock.h ****     kCLOCK_Spi0 = CLK_GATE_DEFINE(0x103CU, 12U),
 417:../drivers/fsl_clock.h ****     kCLOCK_Spi1 = CLK_GATE_DEFINE(0x103CU, 13U),
 418:../drivers/fsl_clock.h ****     kCLOCK_Sai0 = CLK_GATE_DEFINE(0x103CU, 15U),
 419:../drivers/fsl_clock.h ****     kCLOCK_Crc0 = CLK_GATE_DEFINE(0x103CU, 18U),
 420:../drivers/fsl_clock.h ****     kCLOCK_Usbdcd0 = CLK_GATE_DEFINE(0x103CU, 21U),
 421:../drivers/fsl_clock.h ****     kCLOCK_Pdb0 = CLK_GATE_DEFINE(0x103CU, 22U),
 422:../drivers/fsl_clock.h ****     kCLOCK_Pit0 = CLK_GATE_DEFINE(0x103CU, 23U),
 423:../drivers/fsl_clock.h ****     kCLOCK_Ftm0 = CLK_GATE_DEFINE(0x103CU, 24U),
 424:../drivers/fsl_clock.h ****     kCLOCK_Ftm1 = CLK_GATE_DEFINE(0x103CU, 25U),
 425:../drivers/fsl_clock.h ****     kCLOCK_Ftm2 = CLK_GATE_DEFINE(0x103CU, 26U),
 426:../drivers/fsl_clock.h ****     kCLOCK_Adc0 = CLK_GATE_DEFINE(0x103CU, 27U),
 427:../drivers/fsl_clock.h ****     kCLOCK_Rtc0 = CLK_GATE_DEFINE(0x103CU, 29U),
 428:../drivers/fsl_clock.h **** 
 429:../drivers/fsl_clock.h ****     kCLOCK_Flexbus0 = CLK_GATE_DEFINE(0x1040U, 0U),
 430:../drivers/fsl_clock.h ****     kCLOCK_Dma0 = CLK_GATE_DEFINE(0x1040U, 1U),
 431:../drivers/fsl_clock.h ****     kCLOCK_Sysmpu0 = CLK_GATE_DEFINE(0x1040U, 2U),
 432:../drivers/fsl_clock.h **** } clock_ip_name_t;
 433:../drivers/fsl_clock.h **** 
 434:../drivers/fsl_clock.h **** /*!@brief SIM configuration structure for clock setting. */
 435:../drivers/fsl_clock.h **** typedef struct _sim_clock_config
 436:../drivers/fsl_clock.h **** {
 437:../drivers/fsl_clock.h ****     uint8_t pllFllSel; /*!< PLL/FLL/IRC48M selection.    */
 438:../drivers/fsl_clock.h ****     uint8_t er32kSrc;  /*!< ERCLK32K source selection.   */
 439:../drivers/fsl_clock.h ****     uint32_t clkdiv1;  /*!< SIM_CLKDIV1.                 */
 440:../drivers/fsl_clock.h **** } sim_clock_config_t;
 441:../drivers/fsl_clock.h **** 
 442:../drivers/fsl_clock.h **** /*! @brief OSC work mode. */
 443:../drivers/fsl_clock.h **** typedef enum _osc_mode
 444:../drivers/fsl_clock.h **** {
 445:../drivers/fsl_clock.h ****     kOSC_ModeExt = 0U, /*!< Use an external clock.   */
 446:../drivers/fsl_clock.h **** #if (defined(MCG_C2_EREFS_MASK) && !(defined(MCG_C2_EREFS0_MASK)))
 447:../drivers/fsl_clock.h ****     kOSC_ModeOscLowPower = MCG_C2_EREFS_MASK, /*!< Oscillator low power. */
 448:../drivers/fsl_clock.h **** #else
 449:../drivers/fsl_clock.h ****     kOSC_ModeOscLowPower = MCG_C2_EREFS0_MASK, /*!< Oscillator low power. */
 450:../drivers/fsl_clock.h **** #endif
 451:../drivers/fsl_clock.h ****     kOSC_ModeOscHighGain = 0U
 452:../drivers/fsl_clock.h **** #if (defined(MCG_C2_EREFS_MASK) && !(defined(MCG_C2_EREFS0_MASK)))
 453:../drivers/fsl_clock.h ****                            |
 454:../drivers/fsl_clock.h ****                            MCG_C2_EREFS_MASK
 455:../drivers/fsl_clock.h **** #else
 456:../drivers/fsl_clock.h ****                            |
 457:../drivers/fsl_clock.h ****                            MCG_C2_EREFS0_MASK
 458:../drivers/fsl_clock.h **** #endif
 459:../drivers/fsl_clock.h **** #if (defined(MCG_C2_HGO_MASK) && !(defined(MCG_C2_HGO0_MASK)))
 460:../drivers/fsl_clock.h ****                            |
 461:../drivers/fsl_clock.h ****                            MCG_C2_HGO_MASK, /*!< Oscillator high gain. */
 462:../drivers/fsl_clock.h **** #else
 463:../drivers/fsl_clock.h ****                            |
 464:../drivers/fsl_clock.h ****                            MCG_C2_HGO0_MASK, /*!< Oscillator high gain. */
 465:../drivers/fsl_clock.h **** #endif
 466:../drivers/fsl_clock.h **** } osc_mode_t;
 467:../drivers/fsl_clock.h **** 
 468:../drivers/fsl_clock.h **** /*! @brief Oscillator capacitor load setting.*/
 469:../drivers/fsl_clock.h **** enum _osc_cap_load
 470:../drivers/fsl_clock.h **** {
 471:../drivers/fsl_clock.h ****     kOSC_Cap2P = OSC_CR_SC2P_MASK,  /*!< 2  pF capacitor load */
 472:../drivers/fsl_clock.h ****     kOSC_Cap4P = OSC_CR_SC4P_MASK,  /*!< 4  pF capacitor load */
 473:../drivers/fsl_clock.h ****     kOSC_Cap8P = OSC_CR_SC8P_MASK,  /*!< 8  pF capacitor load */
 474:../drivers/fsl_clock.h ****     kOSC_Cap16P = OSC_CR_SC16P_MASK /*!< 16 pF capacitor load */
 475:../drivers/fsl_clock.h **** };
 476:../drivers/fsl_clock.h **** 
 477:../drivers/fsl_clock.h **** /*! @brief OSCERCLK enable mode. */
 478:../drivers/fsl_clock.h **** enum _oscer_enable_mode
 479:../drivers/fsl_clock.h **** {
 480:../drivers/fsl_clock.h ****     kOSC_ErClkEnable = OSC_CR_ERCLKEN_MASK,       /*!< Enable.              */
 481:../drivers/fsl_clock.h ****     kOSC_ErClkEnableInStop = OSC_CR_EREFSTEN_MASK /*!< Enable in stop mode. */
 482:../drivers/fsl_clock.h **** };
 483:../drivers/fsl_clock.h **** 
 484:../drivers/fsl_clock.h **** /*! @brief OSC configuration for OSCERCLK. */
 485:../drivers/fsl_clock.h **** typedef struct _oscer_config
 486:../drivers/fsl_clock.h **** {
 487:../drivers/fsl_clock.h ****     uint8_t enableMode; /*!< OSCERCLK enable mode. OR'ed value of @ref _oscer_enable_mode. */
 488:../drivers/fsl_clock.h **** 
 489:../drivers/fsl_clock.h **** } oscer_config_t;
 490:../drivers/fsl_clock.h **** 
 491:../drivers/fsl_clock.h **** /*!
 492:../drivers/fsl_clock.h ****  * @brief OSC Initialization Configuration Structure
 493:../drivers/fsl_clock.h ****  *
 494:../drivers/fsl_clock.h ****  * Defines the configuration data structure to initialize the OSC.
 495:../drivers/fsl_clock.h ****  * When porting to a new board, set the following members
 496:../drivers/fsl_clock.h ****  * according to the board setting:
 497:../drivers/fsl_clock.h ****  * 1. freq: The external frequency.
 498:../drivers/fsl_clock.h ****  * 2. workMode: The OSC module mode.
 499:../drivers/fsl_clock.h ****  */
 500:../drivers/fsl_clock.h **** typedef struct _osc_config
 501:../drivers/fsl_clock.h **** {
 502:../drivers/fsl_clock.h ****     uint32_t freq;              /*!< External clock frequency.    */
 503:../drivers/fsl_clock.h ****     uint8_t capLoad;            /*!< Capacitor load setting.      */
 504:../drivers/fsl_clock.h ****     osc_mode_t workMode;        /*!< OSC work mode setting.       */
 505:../drivers/fsl_clock.h ****     oscer_config_t oscerConfig; /*!< Configuration for OSCERCLK.  */
 506:../drivers/fsl_clock.h **** } osc_config_t;
 507:../drivers/fsl_clock.h **** 
 508:../drivers/fsl_clock.h **** /*! @brief MCG FLL reference clock source select. */
 509:../drivers/fsl_clock.h **** typedef enum _mcg_fll_src
 510:../drivers/fsl_clock.h **** {
 511:../drivers/fsl_clock.h ****     kMCG_FllSrcExternal, /*!< External reference clock is selected          */
 512:../drivers/fsl_clock.h ****     kMCG_FllSrcInternal  /*!< The slow internal reference clock is selected */
 513:../drivers/fsl_clock.h **** } mcg_fll_src_t;
 514:../drivers/fsl_clock.h **** 
 515:../drivers/fsl_clock.h **** /*! @brief MCG internal reference clock select */
 516:../drivers/fsl_clock.h **** typedef enum _mcg_irc_mode
 517:../drivers/fsl_clock.h **** {
 518:../drivers/fsl_clock.h ****     kMCG_IrcSlow, /*!< Slow internal reference clock selected */
 519:../drivers/fsl_clock.h ****     kMCG_IrcFast  /*!< Fast internal reference clock selected */
 520:../drivers/fsl_clock.h **** } mcg_irc_mode_t;
 521:../drivers/fsl_clock.h **** 
 522:../drivers/fsl_clock.h **** /*! @brief MCG DCO Maximum Frequency with 32.768 kHz Reference */
 523:../drivers/fsl_clock.h **** typedef enum _mcg_dmx32
 524:../drivers/fsl_clock.h **** {
 525:../drivers/fsl_clock.h ****     kMCG_Dmx32Default, /*!< DCO has a default range of 25% */
 526:../drivers/fsl_clock.h ****     kMCG_Dmx32Fine     /*!< DCO is fine-tuned for maximum frequency with 32.768 kHz reference */
 527:../drivers/fsl_clock.h **** } mcg_dmx32_t;
 528:../drivers/fsl_clock.h **** 
 529:../drivers/fsl_clock.h **** /*! @brief MCG DCO range select */
 530:../drivers/fsl_clock.h **** typedef enum _mcg_drs
 531:../drivers/fsl_clock.h **** {
 532:../drivers/fsl_clock.h ****     kMCG_DrsLow,     /*!< Low frequency range       */
 533:../drivers/fsl_clock.h ****     kMCG_DrsMid,     /*!< Mid frequency range       */
 534:../drivers/fsl_clock.h ****     kMCG_DrsMidHigh, /*!< Mid-High frequency range  */
 535:../drivers/fsl_clock.h ****     kMCG_DrsHigh     /*!< High frequency range      */
 536:../drivers/fsl_clock.h **** } mcg_drs_t;
 537:../drivers/fsl_clock.h **** 
 538:../drivers/fsl_clock.h **** /*! @brief MCG PLL reference clock select */
 539:../drivers/fsl_clock.h **** typedef enum _mcg_pll_ref_src
 540:../drivers/fsl_clock.h **** {
 541:../drivers/fsl_clock.h ****     kMCG_PllRefOsc0, /*!< Selects OSC0 as PLL reference clock                 */
 542:../drivers/fsl_clock.h ****     kMCG_PllRefOsc1  /*!< Selects OSC1 as PLL reference clock                 */
 543:../drivers/fsl_clock.h **** } mcg_pll_ref_src_t;
 544:../drivers/fsl_clock.h **** 
 545:../drivers/fsl_clock.h **** /*! @brief MCGOUT clock source. */
 546:../drivers/fsl_clock.h **** typedef enum _mcg_clkout_src
 547:../drivers/fsl_clock.h **** {
 548:../drivers/fsl_clock.h ****     kMCG_ClkOutSrcOut,      /*!< Output of the FLL is selected (reset default)  */
 549:../drivers/fsl_clock.h ****     kMCG_ClkOutSrcInternal, /*!< Internal reference clock is selected           */
 550:../drivers/fsl_clock.h ****     kMCG_ClkOutSrcExternal, /*!< External reference clock is selected           */
 551:../drivers/fsl_clock.h **** } mcg_clkout_src_t;
 552:../drivers/fsl_clock.h **** 
 553:../drivers/fsl_clock.h **** /*! @brief MCG Automatic Trim Machine Select */
 554:../drivers/fsl_clock.h **** typedef enum _mcg_atm_select
 555:../drivers/fsl_clock.h **** {
 556:../drivers/fsl_clock.h ****     kMCG_AtmSel32k, /*!< 32 kHz Internal Reference Clock selected  */
 557:../drivers/fsl_clock.h ****     kMCG_AtmSel4m   /*!< 4 MHz Internal Reference Clock selected   */
 558:../drivers/fsl_clock.h **** } mcg_atm_select_t;
 559:../drivers/fsl_clock.h **** 
 560:../drivers/fsl_clock.h **** /*! @brief MCG OSC Clock Select */
 561:../drivers/fsl_clock.h **** typedef enum _mcg_oscsel
 562:../drivers/fsl_clock.h **** {
 563:../drivers/fsl_clock.h ****     kMCG_OscselOsc, /*!< Selects System Oscillator (OSCCLK) */
 564:../drivers/fsl_clock.h ****     kMCG_OscselRtc, /*!< Selects 32 kHz RTC Oscillator      */
 565:../drivers/fsl_clock.h ****     kMCG_OscselIrc  /*!< Selects 48 MHz IRC Oscillator      */
 566:../drivers/fsl_clock.h **** } mcg_oscsel_t;
 567:../drivers/fsl_clock.h **** 
 568:../drivers/fsl_clock.h **** /*! @brief MCG PLLCS select */
 569:../drivers/fsl_clock.h **** typedef enum _mcg_pll_clk_select
 570:../drivers/fsl_clock.h **** {
 571:../drivers/fsl_clock.h ****     kMCG_PllClkSelPll0, /*!< PLL0 output clock is selected  */
 572:../drivers/fsl_clock.h ****     kMCG_PllClkSelPll1  /* PLL1 output clock is selected    */
 573:../drivers/fsl_clock.h **** } mcg_pll_clk_select_t;
 574:../drivers/fsl_clock.h **** 
 575:../drivers/fsl_clock.h **** /*! @brief MCG clock monitor mode. */
 576:../drivers/fsl_clock.h **** typedef enum _mcg_monitor_mode
 577:../drivers/fsl_clock.h **** {
 578:../drivers/fsl_clock.h ****     kMCG_MonitorNone, /*!< Clock monitor is disabled.         */
 579:../drivers/fsl_clock.h ****     kMCG_MonitorInt,  /*!< Trigger interrupt when clock lost. */
 580:../drivers/fsl_clock.h ****     kMCG_MonitorReset /*!< System reset when clock lost.      */
 581:../drivers/fsl_clock.h **** } mcg_monitor_mode_t;
 582:../drivers/fsl_clock.h **** 
 583:../drivers/fsl_clock.h **** /*! @brief MCG status. */
 584:../drivers/fsl_clock.h **** enum _mcg_status
 585:../drivers/fsl_clock.h **** {
 586:../drivers/fsl_clock.h ****     kStatus_MCG_ModeUnreachable = MAKE_STATUS(kStatusGroup_MCG, 0),       /*!< Can't switch to targ
 587:../drivers/fsl_clock.h ****     kStatus_MCG_ModeInvalid = MAKE_STATUS(kStatusGroup_MCG, 1),           /*!< Current mode invalid
 588:../drivers/fsl_clock.h ****                                                                                function. */
 589:../drivers/fsl_clock.h ****     kStatus_MCG_AtmBusClockInvalid = MAKE_STATUS(kStatusGroup_MCG, 2),    /*!< Invalid bus clock fo
 590:../drivers/fsl_clock.h ****     kStatus_MCG_AtmDesiredFreqInvalid = MAKE_STATUS(kStatusGroup_MCG, 3), /*!< Invalid desired freq
 591:../drivers/fsl_clock.h ****     kStatus_MCG_AtmIrcUsed = MAKE_STATUS(kStatusGroup_MCG, 4),            /*!< IRC is used when usi
 592:../drivers/fsl_clock.h ****     kStatus_MCG_AtmHardwareFail = MAKE_STATUS(kStatusGroup_MCG, 5),       /*!< Hardware fail occurs
 593:../drivers/fsl_clock.h ****     kStatus_MCG_SourceUsed = MAKE_STATUS(kStatusGroup_MCG, 6)             /*!< Can't change the clo
 594:../drivers/fsl_clock.h ****                                                                                it is in use. */
 595:../drivers/fsl_clock.h **** };
 596:../drivers/fsl_clock.h **** 
 597:../drivers/fsl_clock.h **** /*! @brief MCG status flags. */
 598:../drivers/fsl_clock.h **** enum _mcg_status_flags_t
 599:../drivers/fsl_clock.h **** {
 600:../drivers/fsl_clock.h ****     kMCG_Osc0LostFlag = (1U << 0U),   /*!< OSC0 lost.         */
 601:../drivers/fsl_clock.h ****     kMCG_Osc0InitFlag = (1U << 1U),   /*!< OSC0 crystal initialized. */
 602:../drivers/fsl_clock.h ****     kMCG_RtcOscLostFlag = (1U << 4U), /*!< RTC OSC lost.      */
 603:../drivers/fsl_clock.h ****     kMCG_Pll0LostFlag = (1U << 5U),   /*!< PLL0 lost.         */
 604:../drivers/fsl_clock.h ****     kMCG_Pll0LockFlag = (1U << 6U),   /*!< PLL0 locked.       */
 605:../drivers/fsl_clock.h **** };
 606:../drivers/fsl_clock.h **** 
 607:../drivers/fsl_clock.h **** /*! @brief MCG internal reference clock (MCGIRCLK) enable mode definition. */
 608:../drivers/fsl_clock.h **** enum _mcg_irclk_enable_mode
 609:../drivers/fsl_clock.h **** {
 610:../drivers/fsl_clock.h ****     kMCG_IrclkEnable = MCG_C1_IRCLKEN_MASK,       /*!< MCGIRCLK enable.              */
 611:../drivers/fsl_clock.h ****     kMCG_IrclkEnableInStop = MCG_C1_IREFSTEN_MASK /*!< MCGIRCLK enable in stop mode. */
 612:../drivers/fsl_clock.h **** };
 613:../drivers/fsl_clock.h **** 
 614:../drivers/fsl_clock.h **** /*! @brief MCG PLL clock enable mode definition. */
 615:../drivers/fsl_clock.h **** enum _mcg_pll_enable_mode
 616:../drivers/fsl_clock.h **** {
 617:../drivers/fsl_clock.h ****     kMCG_PllEnableIndependent = MCG_C5_PLLCLKEN0_MASK, /*!< MCGPLLCLK enable independent of the
 618:../drivers/fsl_clock.h ****                                                            MCG clock mode. Generally, the PLL
 619:../drivers/fsl_clock.h ****                                                            is disabled in FLL modes
 620:../drivers/fsl_clock.h ****                                                            (FEI/FBI/FEE/FBE). Setting the PLL clock
 621:../drivers/fsl_clock.h ****                                                            enable independent, enables the
 622:../drivers/fsl_clock.h ****                                                            PLL in the FLL modes.          */
 623:../drivers/fsl_clock.h ****     kMCG_PllEnableInStop = MCG_C5_PLLSTEN0_MASK        /*!< MCGPLLCLK enable in STOP mode. */
 624:../drivers/fsl_clock.h **** };
 625:../drivers/fsl_clock.h **** 
 626:../drivers/fsl_clock.h **** /*! @brief MCG mode definitions */
 627:../drivers/fsl_clock.h **** typedef enum _mcg_mode
 628:../drivers/fsl_clock.h **** {
 629:../drivers/fsl_clock.h ****     kMCG_ModeFEI = 0U, /*!< FEI   - FLL Engaged Internal         */
 630:../drivers/fsl_clock.h ****     kMCG_ModeFBI,      /*!< FBI   - FLL Bypassed Internal        */
 631:../drivers/fsl_clock.h ****     kMCG_ModeBLPI,     /*!< BLPI  - Bypassed Low Power Internal  */
 632:../drivers/fsl_clock.h ****     kMCG_ModeFEE,      /*!< FEE   - FLL Engaged External         */
 633:../drivers/fsl_clock.h ****     kMCG_ModeFBE,      /*!< FBE   - FLL Bypassed External        */
 634:../drivers/fsl_clock.h ****     kMCG_ModeBLPE,     /*!< BLPE  - Bypassed Low Power External  */
 635:../drivers/fsl_clock.h ****     kMCG_ModePBE,      /*!< PBE   - PLL Bypassed External        */
 636:../drivers/fsl_clock.h ****     kMCG_ModePEE,      /*!< PEE   - PLL Engaged External         */
 637:../drivers/fsl_clock.h ****     kMCG_ModeError     /*!< Unknown mode                         */
 638:../drivers/fsl_clock.h **** } mcg_mode_t;
 639:../drivers/fsl_clock.h **** 
 640:../drivers/fsl_clock.h **** /*! @brief MCG PLL configuration. */
 641:../drivers/fsl_clock.h **** typedef struct _mcg_pll_config
 642:../drivers/fsl_clock.h **** {
 643:../drivers/fsl_clock.h ****     uint8_t enableMode; /*!< Enable mode. OR'ed value of @ref _mcg_pll_enable_mode. */
 644:../drivers/fsl_clock.h ****     uint8_t prdiv;      /*!< Reference divider PRDIV.    */
 645:../drivers/fsl_clock.h ****     uint8_t vdiv;       /*!< VCO divider VDIV.           */
 646:../drivers/fsl_clock.h **** } mcg_pll_config_t;
 647:../drivers/fsl_clock.h **** 
 648:../drivers/fsl_clock.h **** /*! @brief MCG mode change configuration structure
 649:../drivers/fsl_clock.h ****  *
 650:../drivers/fsl_clock.h ****  * When porting to a new board, set the following members
 651:../drivers/fsl_clock.h ****  * according to the board setting:
 652:../drivers/fsl_clock.h ****  * 1. frdiv: If the FLL uses the external reference clock, set this
 653:../drivers/fsl_clock.h ****  *    value to ensure that the external reference clock divided by frdiv is
 654:../drivers/fsl_clock.h ****  *    in the 31.25 kHz to 39.0625 kHz range.
 655:../drivers/fsl_clock.h ****  * 2. The PLL reference clock divider PRDIV: PLL reference clock frequency after
 656:../drivers/fsl_clock.h ****  *    PRDIV should be in the FSL_FEATURE_MCG_PLL_REF_MIN to
 657:../drivers/fsl_clock.h ****  *    FSL_FEATURE_MCG_PLL_REF_MAX range.
 658:../drivers/fsl_clock.h ****  */
 659:../drivers/fsl_clock.h **** typedef struct _mcg_config
 660:../drivers/fsl_clock.h **** {
 661:../drivers/fsl_clock.h ****     mcg_mode_t mcgMode; /*!< MCG mode.                   */
 662:../drivers/fsl_clock.h **** 
 663:../drivers/fsl_clock.h ****     /* ----------------------- MCGIRCCLK settings ------------------------ */
 664:../drivers/fsl_clock.h ****     uint8_t irclkEnableMode; /*!< MCGIRCLK enable mode.       */
 665:../drivers/fsl_clock.h ****     mcg_irc_mode_t ircs;     /*!< Source, MCG_C2[IRCS].       */
 666:../drivers/fsl_clock.h ****     uint8_t fcrdiv;          /*!< Divider, MCG_SC[FCRDIV].    */
 667:../drivers/fsl_clock.h **** 
 668:../drivers/fsl_clock.h ****     /* ------------------------ MCG FLL settings ------------------------- */
 669:../drivers/fsl_clock.h ****     uint8_t frdiv;       /*!< Divider MCG_C1[FRDIV].      */
 670:../drivers/fsl_clock.h ****     mcg_drs_t drs;       /*!< DCO range MCG_C4[DRST_DRS]. */
 671:../drivers/fsl_clock.h ****     mcg_dmx32_t dmx32;   /*!< MCG_C4[DMX32].              */
 672:../drivers/fsl_clock.h ****     mcg_oscsel_t oscsel; /*!< OSC select MCG_C7[OSCSEL].  */
 673:../drivers/fsl_clock.h **** 
 674:../drivers/fsl_clock.h ****     /* ------------------------ MCG PLL settings ------------------------- */
 675:../drivers/fsl_clock.h ****     mcg_pll_config_t pll0Config; /*!< MCGPLL0CLK configuration.   */
 676:../drivers/fsl_clock.h **** 
 677:../drivers/fsl_clock.h **** } mcg_config_t;
 678:../drivers/fsl_clock.h **** 
 679:../drivers/fsl_clock.h **** /*******************************************************************************
 680:../drivers/fsl_clock.h ****  * API
 681:../drivers/fsl_clock.h ****  ******************************************************************************/
 682:../drivers/fsl_clock.h **** 
 683:../drivers/fsl_clock.h **** #if defined(__cplusplus)
 684:../drivers/fsl_clock.h **** extern "C" {
 685:../drivers/fsl_clock.h **** #endif /* __cplusplus */
 686:../drivers/fsl_clock.h **** 
 687:../drivers/fsl_clock.h **** /*!
 688:../drivers/fsl_clock.h ****  * @brief Enable the clock for specific IP.
 689:../drivers/fsl_clock.h ****  *
 690:../drivers/fsl_clock.h ****  * @param name  Which clock to enable, see \ref clock_ip_name_t.
 691:../drivers/fsl_clock.h ****  */
 692:../drivers/fsl_clock.h **** static inline void CLOCK_EnableClock(clock_ip_name_t name)
 693:../drivers/fsl_clock.h **** {
 694:../drivers/fsl_clock.h ****     uint32_t regAddr = SIM_BASE + CLK_GATE_ABSTRACT_REG_OFFSET((uint32_t)name);
 695:../drivers/fsl_clock.h ****     (*(volatile uint32_t *)regAddr) |= (1U << CLK_GATE_ABSTRACT_BITS_SHIFT((uint32_t)name));
  36              		.loc 2 695 0
  37 0000 2E4A     		ldr	r2, .L8
  38 0002 1368     		ldr	r3, [r2]
  39 0004 43F00103 		orr	r3, r3, #1
  40              	.LBE7:
  41              	.LBE6:
  42              		.loc 1 85 0
  43 0008 F0B5     		push	{r4, r5, r6, r7, lr}
  44              		.cfi_def_cfa_offset 20
  45              		.cfi_offset 4, -20
  46              		.cfi_offset 5, -16
  47              		.cfi_offset 6, -12
  48              		.cfi_offset 7, -8
  49              		.cfi_offset 14, -4
  50              	.LBB9:
  51              	.LBB8:
  52              		.loc 2 695 0
  53 000a 1360     		str	r3, [r2]
  54              	.LBE8:
  55              	.LBE9:
  86:../drivers/fsl_flexbus.c ****     assert(config != NULL);
  87:../drivers/fsl_flexbus.c ****     assert(config->chip < FB_CSAR_COUNT);
  88:../drivers/fsl_flexbus.c ****     assert(config->waitStates <= 0x3FU);
  89:../drivers/fsl_flexbus.c **** 
  90:../drivers/fsl_flexbus.c ****     uint32_t chip = 0;
  91:../drivers/fsl_flexbus.c ****     uint32_t reg_value = 0;
  92:../drivers/fsl_flexbus.c **** 
  93:../drivers/fsl_flexbus.c **** #if !(defined(FSL_SDK_DISABLE_DRIVER_CLOCK_CONTROL) && FSL_SDK_DISABLE_DRIVER_CLOCK_CONTROL)
  94:../drivers/fsl_flexbus.c ****     /* Ungate clock for FLEXBUS */
  95:../drivers/fsl_flexbus.c ****     CLOCK_EnableClock(s_flexbusClocks[FLEXBUS_GetInstance(base)]);
  96:../drivers/fsl_flexbus.c **** #endif /* FSL_SDK_DISABLE_DRIVER_CLOCK_CONTROL */
  97:../drivers/fsl_flexbus.c **** 
  98:../drivers/fsl_flexbus.c ****     /* Reset all the register to default state */
  99:../drivers/fsl_flexbus.c ****     for (chip = 0; chip < FB_CSAR_COUNT; chip++)
  56              		.loc 1 99 0
  57 000c 0023     		movs	r3, #0
  58 000e 0C24     		movs	r4, #12
 100:../drivers/fsl_flexbus.c ****     {
 101:../drivers/fsl_flexbus.c ****         /* Reset CSMR register, all chips not valid (disabled) */
 102:../drivers/fsl_flexbus.c ****         base->CS[chip].CSMR = 0x0000U;
  59              		.loc 1 102 0
  60 0010 1A46     		mov	r2, r3
  61              	.LVL1:
  62              	.L2:
  63 0012 04FB03F5 		mul	r5, r4, r3
  64 0016 4719     		adds	r7, r0, r5
  99:../drivers/fsl_flexbus.c ****     {
  65              		.loc 1 99 0 discriminator 3
  66 0018 0133     		adds	r3, r3, #1
  67              	.LVL2:
  68              		.loc 1 102 0 discriminator 3
  69 001a 7A60     		str	r2, [r7, #4]
 103:../drivers/fsl_flexbus.c ****         /* Set default base address */
 104:../drivers/fsl_flexbus.c ****         base->CS[chip].CSAR &= (~FB_CSAR_BA_MASK);
  70              		.loc 1 104 0 discriminator 3
  71 001c 4659     		ldr	r6, [r0, r5]
  99:../drivers/fsl_flexbus.c ****     {
  72              		.loc 1 99 0 discriminator 3
  73 001e 062B     		cmp	r3, #6
  74              		.loc 1 104 0 discriminator 3
  75 0020 B6B2     		uxth	r6, r6
  76 0022 4651     		str	r6, [r0, r5]
 105:../drivers/fsl_flexbus.c ****         /* Reset FB_CSCRx register */
 106:../drivers/fsl_flexbus.c ****         base->CS[chip].CSCR = 0x0000U;
  77              		.loc 1 106 0 discriminator 3
  78 0024 BA60     		str	r2, [r7, #8]
  99:../drivers/fsl_flexbus.c ****     {
  79              		.loc 1 99 0 discriminator 3
  80 0026 F4D1     		bne	.L2
 107:../drivers/fsl_flexbus.c ****     }
 108:../drivers/fsl_flexbus.c ****     /* Set FB_CSPMCR register */
 109:../drivers/fsl_flexbus.c ****     /* FlexBus signal group 1 multiplex control */
 110:../drivers/fsl_flexbus.c ****     reg_value |= kFLEXBUS_MultiplexGroup1_FB_ALE << FB_CSPMCR_GROUP1_SHIFT;
 111:../drivers/fsl_flexbus.c ****     /* FlexBus signal group 2 multiplex control */
 112:../drivers/fsl_flexbus.c ****     reg_value |= kFLEXBUS_MultiplexGroup2_FB_CS4 << FB_CSPMCR_GROUP2_SHIFT;
 113:../drivers/fsl_flexbus.c ****     /* FlexBus signal group 3 multiplex control */
 114:../drivers/fsl_flexbus.c ****     reg_value |= kFLEXBUS_MultiplexGroup3_FB_CS5 << FB_CSPMCR_GROUP3_SHIFT;
 115:../drivers/fsl_flexbus.c ****     /* FlexBus signal group 4 multiplex control */
 116:../drivers/fsl_flexbus.c ****     reg_value |= kFLEXBUS_MultiplexGroup4_FB_TBST << FB_CSPMCR_GROUP4_SHIFT;
 117:../drivers/fsl_flexbus.c ****     /* FlexBus signal group 5 multiplex control */
 118:../drivers/fsl_flexbus.c ****     reg_value |= kFLEXBUS_MultiplexGroup5_FB_TA << FB_CSPMCR_GROUP5_SHIFT;
 119:../drivers/fsl_flexbus.c ****     /* Write to CSPMCR register */
 120:../drivers/fsl_flexbus.c ****     base->CSPMCR = reg_value;
  81              		.loc 1 120 0
  82 0028 0266     		str	r2, [r0, #96]
 121:../drivers/fsl_flexbus.c **** 
 122:../drivers/fsl_flexbus.c ****     /* Update chip value */
 123:../drivers/fsl_flexbus.c ****     chip = config->chip;
  83              		.loc 1 123 0
  84 002a 0A78     		ldrb	r2, [r1]	@ zero_extendqisi2
  85              	.LVL3:
 124:../drivers/fsl_flexbus.c **** 
 125:../drivers/fsl_flexbus.c ****     /* Base address */
 126:../drivers/fsl_flexbus.c ****     reg_value = config->chipBaseAddress;
  86              		.loc 1 126 0
  87 002c 4E68     		ldr	r6, [r1, #4]
  88              	.LVL4:
  89 002e 02EB4203 		add	r3, r2, r2, lsl #1
  90 0032 9B00     		lsls	r3, r3, #2
  91 0034 C518     		adds	r5, r0, r3
 127:../drivers/fsl_flexbus.c ****     /* Write to CSAR register */
 128:../drivers/fsl_flexbus.c ****     base->CS[chip].CSAR = reg_value;
  92              		.loc 1 128 0
  93 0036 C650     		str	r6, [r0, r3]
  94              	.LVL5:
 129:../drivers/fsl_flexbus.c ****     /* Chip-select validation */
 130:../drivers/fsl_flexbus.c ****     reg_value = 0x1U << FB_CSMR_V_SHIFT;
 131:../drivers/fsl_flexbus.c ****     /* Write protect */
 132:../drivers/fsl_flexbus.c ****     reg_value |= (uint32_t)(config->writeProtect) << FB_CSMR_WP_SHIFT;
 133:../drivers/fsl_flexbus.c ****     /* Base address mask */
 134:../drivers/fsl_flexbus.c ****     reg_value |= config->chipBaseAddressMask << FB_CSMR_BAM_SHIFT;
  95              		.loc 1 134 0
  96 0038 8B68     		ldr	r3, [r1, #8]
 132:../drivers/fsl_flexbus.c ****     /* Base address mask */
  97              		.loc 1 132 0
  98 003a 0E7B     		ldrb	r6, [r1, #12]	@ zero_extendqisi2
  99              		.loc 1 134 0
 100 003c 1B04     		lsls	r3, r3, #16
 101 003e 43F00103 		orr	r3, r3, #1
 102 0042 43EA0623 		orr	r3, r3, r6, lsl #8
 103              	.LVL6:
 135:../drivers/fsl_flexbus.c ****     /* Write to CSMR register */
 136:../drivers/fsl_flexbus.c ****     base->CS[chip].CSMR = reg_value;
 104              		.loc 1 136 0
 105 0046 6B60     		str	r3, [r5, #4]
 137:../drivers/fsl_flexbus.c ****     /* Burst write */
 138:../drivers/fsl_flexbus.c ****     reg_value = (uint32_t)(config->burstWrite) << FB_CSCR_BSTW_SHIFT;
 139:../drivers/fsl_flexbus.c ****     /* Burst read */
 140:../drivers/fsl_flexbus.c ****     reg_value |= (uint32_t)(config->burstRead) << FB_CSCR_BSTR_SHIFT;
 106              		.loc 1 140 0
 107 0048 8B7B     		ldrb	r3, [r1, #14]	@ zero_extendqisi2
 108              	.LVL7:
 138:../drivers/fsl_flexbus.c ****     /* Burst read */
 109              		.loc 1 138 0
 110 004a 4D7B     		ldrb	r5, [r1, #13]	@ zero_extendqisi2
 111              	.LVL8:
 112              		.loc 1 140 0
 113 004c 1B01     		lsls	r3, r3, #4
 114 004e 43EAC503 		orr	r3, r3, r5, lsl #3
 115              	.LVL9:
 141:../drivers/fsl_flexbus.c ****     /* Byte-enable mode */
 142:../drivers/fsl_flexbus.c ****     reg_value |= (uint32_t)(config->byteEnableMode) << FB_CSCR_BEM_SHIFT;
 116              		.loc 1 142 0
 117 0052 CD7B     		ldrb	r5, [r1, #15]	@ zero_extendqisi2
 118 0054 43EA4513 		orr	r3, r3, r5, lsl #5
 119              	.LVL10:
 143:../drivers/fsl_flexbus.c ****     /* Port size */
 144:../drivers/fsl_flexbus.c ****     reg_value |= (uint32_t)config->portSize << FB_CSCR_PS_SHIFT;
 120              		.loc 1 144 0
 121 0058 CD7C     		ldrb	r5, [r1, #19]	@ zero_extendqisi2
 122 005a 43EA8513 		orr	r3, r3, r5, lsl #6
 123              	.LVL11:
 145:../drivers/fsl_flexbus.c ****     /* The internal transfer acknowledge for accesses */
 146:../drivers/fsl_flexbus.c ****     reg_value |= (uint32_t)(config->autoAcknowledge) << FB_CSCR_AA_SHIFT;
 124              		.loc 1 146 0
 125 005e 0D7C     		ldrb	r5, [r1, #16]	@ zero_extendqisi2
 126 0060 43EA0523 		orr	r3, r3, r5, lsl #8
 127              	.LVL12:
 147:../drivers/fsl_flexbus.c ****     /* Byte-Lane shift */
 148:../drivers/fsl_flexbus.c ****     reg_value |= (uint32_t)config->byteLaneShift << FB_CSCR_BLS_SHIFT;
 128              		.loc 1 148 0
 129 0064 0D7D     		ldrb	r5, [r1, #20]	@ zero_extendqisi2
 130 0066 43EA4523 		orr	r3, r3, r5, lsl #9
 131              	.LVL13:
 149:../drivers/fsl_flexbus.c ****     /* The number of wait states */
 150:../drivers/fsl_flexbus.c ****     reg_value |= (uint32_t)config->waitStates << FB_CSCR_WS_SHIFT;
 132              		.loc 1 150 0
 133 006a 4D78     		ldrb	r5, [r1, #1]	@ zero_extendqisi2
 134 006c 43EA8523 		orr	r3, r3, r5, lsl #10
 135              	.LVL14:
 151:../drivers/fsl_flexbus.c ****     /* Write address hold or deselect */
 152:../drivers/fsl_flexbus.c ****     reg_value |= (uint32_t)config->writeAddressHold << FB_CSCR_WRAH_SHIFT;
 136              		.loc 1 152 0
 137 0070 4D7D     		ldrb	r5, [r1, #21]	@ zero_extendqisi2
 138 0072 43EA0543 		orr	r3, r3, r5, lsl #16
 139              	.LVL15:
 153:../drivers/fsl_flexbus.c ****     /* Read address hold or deselect */
 154:../drivers/fsl_flexbus.c ****     reg_value |= (uint32_t)config->readAddressHold << FB_CSCR_RDAH_SHIFT;
 140              		.loc 1 154 0
 141 0076 8D7D     		ldrb	r5, [r1, #22]	@ zero_extendqisi2
 142 0078 43EA8543 		orr	r3, r3, r5, lsl #18
 143              	.LVL16:
 155:../drivers/fsl_flexbus.c ****     /* Address setup */
 156:../drivers/fsl_flexbus.c ****     reg_value |= (uint32_t)config->addressSetup << FB_CSCR_ASET_SHIFT;
 144              		.loc 1 156 0
 145 007c CD7D     		ldrb	r5, [r1, #23]	@ zero_extendqisi2
 146 007e 43EA0553 		orr	r3, r3, r5, lsl #20
 147              	.LVL17:
 157:../drivers/fsl_flexbus.c ****     /* Extended transfer start/extended address latch */
 158:../drivers/fsl_flexbus.c ****     reg_value |= (uint32_t)(config->extendTransferAddress) << FB_CSCR_EXTS_SHIFT;
 148              		.loc 1 158 0
 149 0082 4D7C     		ldrb	r5, [r1, #17]	@ zero_extendqisi2
 150 0084 43EA8553 		orr	r3, r3, r5, lsl #22
 151              	.LVL18:
 159:../drivers/fsl_flexbus.c ****     /* Secondary wait state */
 160:../drivers/fsl_flexbus.c ****     reg_value |= (uint32_t)(config->secondaryWaitStates) << FB_CSCR_SWSEN_SHIFT;
 152              		.loc 1 160 0
 153 0088 8D7C     		ldrb	r5, [r1, #18]	@ zero_extendqisi2
 161:../drivers/fsl_flexbus.c ****     /* Write to CSCR register */
 162:../drivers/fsl_flexbus.c ****     base->CS[chip].CSCR = reg_value;
 154              		.loc 1 162 0
 155 008a 04FB0204 		mla	r4, r4, r2, r0
 160:../drivers/fsl_flexbus.c ****     /* Write to CSCR register */
 156              		.loc 1 160 0
 157 008e 43EAC553 		orr	r3, r3, r5, lsl #23
 158              	.LVL19:
 159              		.loc 1 162 0
 160 0092 A360     		str	r3, [r4, #8]
 163:../drivers/fsl_flexbus.c ****     /* FlexBus signal group 1 multiplex control */
 164:../drivers/fsl_flexbus.c ****     reg_value = (uint32_t)config->group1MultiplexControl << FB_CSPMCR_GROUP1_SHIFT;
 165:../drivers/fsl_flexbus.c ****     /* FlexBus signal group 2 multiplex control */
 166:../drivers/fsl_flexbus.c ****     reg_value |= (uint32_t)config->group2MultiplexControl << FB_CSPMCR_GROUP2_SHIFT;
 161              		.loc 1 166 0
 162 0094 4B7E     		ldrb	r3, [r1, #25]	@ zero_extendqisi2
 163              	.LVL20:
 164:../drivers/fsl_flexbus.c ****     /* FlexBus signal group 2 multiplex control */
 164              		.loc 1 164 0
 165 0096 0C7E     		ldrb	r4, [r1, #24]	@ zero_extendqisi2
 166              	.LVL21:
 167              		.loc 1 166 0
 168 0098 1B06     		lsls	r3, r3, #24
 169 009a 43EA0473 		orr	r3, r3, r4, lsl #28
 170              	.LVL22:
 167:../drivers/fsl_flexbus.c ****     /* FlexBus signal group 3 multiplex control */
 168:../drivers/fsl_flexbus.c ****     reg_value |= (uint32_t)config->group3MultiplexControl << FB_CSPMCR_GROUP3_SHIFT;
 171              		.loc 1 168 0
 172 009e 8C7E     		ldrb	r4, [r1, #26]	@ zero_extendqisi2
 173 00a0 43EA0453 		orr	r3, r3, r4, lsl #20
 174              	.LVL23:
 169:../drivers/fsl_flexbus.c ****     /* FlexBus signal group 4 multiplex control */
 170:../drivers/fsl_flexbus.c ****     reg_value |= (uint32_t)config->group4MultiplexControl << FB_CSPMCR_GROUP4_SHIFT;
 175              		.loc 1 170 0
 176 00a4 CC7E     		ldrb	r4, [r1, #27]	@ zero_extendqisi2
 171:../drivers/fsl_flexbus.c ****     /* FlexBus signal group 5 multiplex control */
 172:../drivers/fsl_flexbus.c ****     reg_value |= (uint32_t)config->group5MultiplexControl << FB_CSPMCR_GROUP5_SHIFT;
 177              		.loc 1 172 0
 178 00a6 097F     		ldrb	r1, [r1, #28]	@ zero_extendqisi2
 179              	.LVL24:
 170:../drivers/fsl_flexbus.c ****     /* FlexBus signal group 5 multiplex control */
 180              		.loc 1 170 0
 181 00a8 43EA0443 		orr	r3, r3, r4, lsl #16
 182              	.LVL25:
 183              		.loc 1 172 0
 184 00ac 43EA0133 		orr	r3, r3, r1, lsl #12
 185              	.LVL26:
 173:../drivers/fsl_flexbus.c ****     /* Write to CSPMCR register */
 174:../drivers/fsl_flexbus.c ****     base->CSPMCR = reg_value;
 186              		.loc 1 174 0
 187 00b0 0366     		str	r3, [r0, #96]
 175:../drivers/fsl_flexbus.c ****     /* Enable CSPMCR0[V] to make all chip select registers take effect. */
 176:../drivers/fsl_flexbus.c ****     if ( chip )
 188              		.loc 1 176 0
 189 00b2 0AB1     		cbz	r2, .L1
 177:../drivers/fsl_flexbus.c ****     {
 178:../drivers/fsl_flexbus.c ****         base->CS[0].CSMR = FB_CSMR_V_MASK;
 190              		.loc 1 178 0
 191 00b4 0123     		movs	r3, #1
 192              	.LVL27:
 193 00b6 4360     		str	r3, [r0, #4]
 194              	.LVL28:
 195              	.L1:
 179:../drivers/fsl_flexbus.c ****     }
 180:../drivers/fsl_flexbus.c **** }
 196              		.loc 1 180 0
 197 00b8 F0BD     		pop	{r4, r5, r6, r7, pc}
 198              	.LVL29:
 199              	.L9:
 200 00ba 00BF     		.align	2
 201              	.L8:
 202 00bc 40800440 		.word	1074036800
 203              		.cfi_endproc
 204              	.LFE148:
 206              		.section	.text.FLEXBUS_Deinit,"ax",%progbits
 207              		.align	1
 208              		.global	FLEXBUS_Deinit
 209              		.syntax unified
 210              		.thumb
 211              		.thumb_func
 212              		.fpu fpv4-sp-d16
 214              	FLEXBUS_Deinit:
 215              	.LFB149:
 181:../drivers/fsl_flexbus.c **** 
 182:../drivers/fsl_flexbus.c **** void FLEXBUS_Deinit(FB_Type *base)
 183:../drivers/fsl_flexbus.c **** {
 216              		.loc 1 183 0
 217              		.cfi_startproc
 218              		@ args = 0, pretend = 0, frame = 0
 219              		@ frame_needed = 0, uses_anonymous_args = 0
 220              		@ link register save eliminated.
 221              	.LVL30:
 222              	.LBB14:
 223              	.LBB15:
 696:../drivers/fsl_clock.h **** }
 697:../drivers/fsl_clock.h **** 
 698:../drivers/fsl_clock.h **** /*!
 699:../drivers/fsl_clock.h ****  * @brief Disable the clock for specific IP.
 700:../drivers/fsl_clock.h ****  *
 701:../drivers/fsl_clock.h ****  * @param name  Which clock to disable, see \ref clock_ip_name_t.
 702:../drivers/fsl_clock.h ****  */
 703:../drivers/fsl_clock.h **** static inline void CLOCK_DisableClock(clock_ip_name_t name)
 704:../drivers/fsl_clock.h **** {
 705:../drivers/fsl_clock.h ****     uint32_t regAddr = SIM_BASE + CLK_GATE_ABSTRACT_REG_OFFSET((uint32_t)name);
 706:../drivers/fsl_clock.h ****     (*(volatile uint32_t *)regAddr) &= ~(1U << CLK_GATE_ABSTRACT_BITS_SHIFT((uint32_t)name));
 224              		.loc 2 706 0
 225 0000 024A     		ldr	r2, .L11
 226 0002 1368     		ldr	r3, [r2]
 227 0004 23F00103 		bic	r3, r3, #1
 228 0008 1360     		str	r3, [r2]
 229              	.LVL31:
 230              	.LBE15:
 231              	.LBE14:
 184:../drivers/fsl_flexbus.c **** #if !(defined(FSL_SDK_DISABLE_DRIVER_CLOCK_CONTROL) && FSL_SDK_DISABLE_DRIVER_CLOCK_CONTROL)
 185:../drivers/fsl_flexbus.c ****     /* Gate clock for FLEXBUS */
 186:../drivers/fsl_flexbus.c ****     CLOCK_DisableClock(s_flexbusClocks[FLEXBUS_GetInstance(base)]);
 187:../drivers/fsl_flexbus.c **** #endif /* FSL_SDK_DISABLE_DRIVER_CLOCK_CONTROL */
 188:../drivers/fsl_flexbus.c **** }
 232              		.loc 1 188 0
 233 000a 7047     		bx	lr
 234              	.L12:
 235              		.align	2
 236              	.L11:
 237 000c 40800440 		.word	1074036800
 238              		.cfi_endproc
 239              	.LFE149:
 241              		.section	.text.FLEXBUS_GetDefaultConfig,"ax",%progbits
 242              		.align	1
 243              		.global	FLEXBUS_GetDefaultConfig
 244              		.syntax unified
 245              		.thumb
 246              		.thumb_func
 247              		.fpu fpv4-sp-d16
 249              	FLEXBUS_GetDefaultConfig:
 250              	.LFB150:
 189:../drivers/fsl_flexbus.c **** 
 190:../drivers/fsl_flexbus.c **** void FLEXBUS_GetDefaultConfig(flexbus_config_t *config)
 191:../drivers/fsl_flexbus.c **** {
 251              		.loc 1 191 0
 252              		.cfi_startproc
 253              		@ args = 0, pretend = 0, frame = 0
 254              		@ frame_needed = 0, uses_anonymous_args = 0
 255              		@ link register save eliminated.
 256              	.LVL32:
 192:../drivers/fsl_flexbus.c ****     config->chip = 0;                                  /* Chip 0 FlexBus for validation */
 257              		.loc 1 192 0
 258 0000 0023     		movs	r3, #0
 193:../drivers/fsl_flexbus.c ****     config->writeProtect = 0;                          /* Write accesses are allowed */
 194:../drivers/fsl_flexbus.c ****     config->burstWrite = 0;                            /* Burst-Write disable */
 195:../drivers/fsl_flexbus.c ****     config->burstRead = 0;                             /* Burst-Read disable */
 196:../drivers/fsl_flexbus.c ****     config->byteEnableMode = 0;                        /* Byte-Enable mode is asserted for data wri
 197:../drivers/fsl_flexbus.c ****     config->autoAcknowledge = true;                    /* Auto-Acknowledge enable */
 259              		.loc 1 197 0
 260 0002 0122     		movs	r2, #1
 192:../drivers/fsl_flexbus.c ****     config->chip = 0;                                  /* Chip 0 FlexBus for validation */
 261              		.loc 1 192 0
 262 0004 0370     		strb	r3, [r0]
 193:../drivers/fsl_flexbus.c ****     config->writeProtect = 0;                          /* Write accesses are allowed */
 263              		.loc 1 193 0
 264 0006 0373     		strb	r3, [r0, #12]
 194:../drivers/fsl_flexbus.c ****     config->burstRead = 0;                             /* Burst-Read disable */
 265              		.loc 1 194 0
 266 0008 4373     		strb	r3, [r0, #13]
 195:../drivers/fsl_flexbus.c ****     config->byteEnableMode = 0;                        /* Byte-Enable mode is asserted for data wri
 267              		.loc 1 195 0
 268 000a 8373     		strb	r3, [r0, #14]
 196:../drivers/fsl_flexbus.c ****     config->autoAcknowledge = true;                    /* Auto-Acknowledge enable */
 269              		.loc 1 196 0
 270 000c C373     		strb	r3, [r0, #15]
 271              		.loc 1 197 0
 272 000e 0274     		strb	r2, [r0, #16]
 198:../drivers/fsl_flexbus.c ****     config->extendTransferAddress = 0;                 /* Extend transfer start/extend address latc
 273              		.loc 1 198 0
 274 0010 4374     		strb	r3, [r0, #17]
 199:../drivers/fsl_flexbus.c ****     config->secondaryWaitStates = 0;                   /* Secondary wait state disable */
 275              		.loc 1 199 0
 276 0012 8374     		strb	r3, [r0, #18]
 200:../drivers/fsl_flexbus.c ****     config->byteLaneShift = kFLEXBUS_NotShifted;       /* Byte-Lane shift disable */
 277              		.loc 1 200 0
 278 0014 0375     		strb	r3, [r0, #20]
 201:../drivers/fsl_flexbus.c ****     config->writeAddressHold = kFLEXBUS_Hold1Cycle;    /* Write address hold 1 cycles */
 279              		.loc 1 201 0
 280 0016 4375     		strb	r3, [r0, #21]
 202:../drivers/fsl_flexbus.c ****     config->readAddressHold = kFLEXBUS_Hold1Or0Cycles; /* Read address hold 0 cycles */
 281              		.loc 1 202 0
 282 0018 8375     		strb	r3, [r0, #22]
 203:../drivers/fsl_flexbus.c ****     config->addressSetup =
 283              		.loc 1 203 0
 284 001a C375     		strb	r3, [r0, #23]
 204:../drivers/fsl_flexbus.c ****         kFLEXBUS_FirstRisingEdge;      /* Assert ~FB_CSn on the first rising clock edge after the a
 205:../drivers/fsl_flexbus.c ****     config->portSize = kFLEXBUS_1Byte; /* 1 byte port size of transfer */
 285              		.loc 1 205 0
 286 001c C274     		strb	r2, [r0, #19]
 206:../drivers/fsl_flexbus.c ****     config->group1MultiplexControl = kFLEXBUS_MultiplexGroup1_FB_ALE;  /* FB_ALE */
 287              		.loc 1 206 0
 288 001e 0376     		strb	r3, [r0, #24]
 207:../drivers/fsl_flexbus.c ****     config->group2MultiplexControl = kFLEXBUS_MultiplexGroup2_FB_CS4;  /* FB_CS4 */
 289              		.loc 1 207 0
 290 0020 4376     		strb	r3, [r0, #25]
 208:../drivers/fsl_flexbus.c ****     config->group3MultiplexControl = kFLEXBUS_MultiplexGroup3_FB_CS5;  /* FB_CS5 */
 291              		.loc 1 208 0
 292 0022 8376     		strb	r3, [r0, #26]
 209:../drivers/fsl_flexbus.c ****     config->group4MultiplexControl = kFLEXBUS_MultiplexGroup4_FB_TBST; /* FB_TBST */
 293              		.loc 1 209 0
 294 0024 C376     		strb	r3, [r0, #27]
 210:../drivers/fsl_flexbus.c ****     config->group5MultiplexControl = kFLEXBUS_MultiplexGroup5_FB_TA;   /* FB_TA */
 295              		.loc 1 210 0
 296 0026 0377     		strb	r3, [r0, #28]
 211:../drivers/fsl_flexbus.c **** }
 297              		.loc 1 211 0
 298 0028 7047     		bx	lr
 299              		.cfi_endproc
 300              	.LFE150:
 302              		.text
 303              	.Letext0:
 304              		.file 3 "/opt/gcc-arm-none-eabi-7-2017-q4-major/arm-none-eabi/include/machine/_default_types.h"
 305              		.file 4 "/opt/gcc-arm-none-eabi-7-2017-q4-major/arm-none-eabi/include/sys/_stdint.h"
 306              		.file 5 "/opt/gcc-arm-none-eabi-7-2017-q4-major/arm-none-eabi/include/sys/lock.h"
 307              		.file 6 "/opt/gcc-arm-none-eabi-7-2017-q4-major/arm-none-eabi/include/sys/_types.h"
 308              		.file 7 "/opt/gcc-arm-none-eabi-7-2017-q4-major/lib/gcc/arm-none-eabi/7.2.1/include/stddef.h"
 309              		.file 8 "/opt/gcc-arm-none-eabi-7-2017-q4-major/arm-none-eabi/include/sys/reent.h"
 310              		.file 9 "../CMSIS/core_cm4.h"
 311              		.file 10 "../CMSIS/system_MK64F12.h"
 312              		.file 11 "../CMSIS/MK64F12.h"
 313              		.file 12 "../drivers/fsl_flexbus.h"
