   1              		.cpu cortex-m0plus
   2              		.eabi_attribute 20, 1
   3              		.eabi_attribute 21, 1
   4              		.eabi_attribute 23, 3
   5              		.eabi_attribute 24, 1
   6              		.eabi_attribute 25, 1
   7              		.eabi_attribute 26, 1
   8              		.eabi_attribute 30, 1
   9              		.eabi_attribute 34, 0
  10              		.eabi_attribute 18, 4
  11              		.file	"fsl_sim.c"
  12              		.text
  13              	.Ltext0:
  14              		.cfi_sections	.debug_frame
  15              		.section	.text.SIM_GetUniqueId,"ax",%progbits
  16              		.align	1
  17              		.global	SIM_GetUniqueId
  18              		.syntax unified
  19              		.code	16
  20              		.thumb_func
  21              		.fpu softvfp
  23              	SIM_GetUniqueId:
  24              	.LFB54:
  25              		.file 1 "../drivers/fsl_sim.c"
   1:../drivers/fsl_sim.c **** /*
   2:../drivers/fsl_sim.c ****  * The Clear BSD License
   3:../drivers/fsl_sim.c ****  * Copyright (c) 2015, Freescale Semiconductor, Inc.
   4:../drivers/fsl_sim.c ****  * Copyright 2016-2017 NXP
   5:../drivers/fsl_sim.c ****  * All rights reserved.
   6:../drivers/fsl_sim.c ****  *
   7:../drivers/fsl_sim.c ****  * Redistribution and use in source and binary forms, with or without modification,
   8:../drivers/fsl_sim.c ****  * are permitted (subject to the limitations in the disclaimer below) provided
   9:../drivers/fsl_sim.c ****  * that the following conditions are met:
  10:../drivers/fsl_sim.c ****  *
  11:../drivers/fsl_sim.c ****  * o Redistributions of source code must retain the above copyright notice, this list
  12:../drivers/fsl_sim.c ****  *   of conditions and the following disclaimer.
  13:../drivers/fsl_sim.c ****  *
  14:../drivers/fsl_sim.c ****  * o Redistributions in binary form must reproduce the above copyright notice, this
  15:../drivers/fsl_sim.c ****  *   list of conditions and the following disclaimer in the documentation and/or
  16:../drivers/fsl_sim.c ****  *   other materials provided with the distribution.
  17:../drivers/fsl_sim.c ****  *
  18:../drivers/fsl_sim.c ****  * o Neither the name of the copyright holder nor the names of its
  19:../drivers/fsl_sim.c ****  *   contributors may be used to endorse or promote products derived from this
  20:../drivers/fsl_sim.c ****  *   software without specific prior written permission.
  21:../drivers/fsl_sim.c ****  *
  22:../drivers/fsl_sim.c ****  * NO EXPRESS OR IMPLIED LICENSES TO ANY PARTY'S PATENT RIGHTS ARE GRANTED BY THIS LICENSE.
  23:../drivers/fsl_sim.c ****  * THIS SOFTWARE IS PROVIDED BY THE COPYRIGHT HOLDERS AND CONTRIBUTORS "AS IS" AND
  24:../drivers/fsl_sim.c ****  * ANY EXPRESS OR IMPLIED WARRANTIES, INCLUDING, BUT NOT LIMITED TO, THE IMPLIED
  25:../drivers/fsl_sim.c ****  * WARRANTIES OF MERCHANTABILITY AND FITNESS FOR A PARTICULAR PURPOSE ARE
  26:../drivers/fsl_sim.c ****  * DISCLAIMED. IN NO EVENT SHALL THE COPYRIGHT HOLDER OR CONTRIBUTORS BE LIABLE FOR
  27:../drivers/fsl_sim.c ****  * ANY DIRECT, INDIRECT, INCIDENTAL, SPECIAL, EXEMPLARY, OR CONSEQUENTIAL DAMAGES
  28:../drivers/fsl_sim.c ****  * (INCLUDING, BUT NOT LIMITED TO, PROCUREMENT OF SUBSTITUTE GOODS OR SERVICES;
  29:../drivers/fsl_sim.c ****  * LOSS OF USE, DATA, OR PROFITS; OR BUSINESS INTERRUPTION) HOWEVER CAUSED AND ON
  30:../drivers/fsl_sim.c ****  * ANY THEORY OF LIABILITY, WHETHER IN CONTRACT, STRICT LIABILITY, OR TORT
  31:../drivers/fsl_sim.c ****  * (INCLUDING NEGLIGENCE OR OTHERWISE) ARISING IN ANY WAY OUT OF THE USE OF THIS
  32:../drivers/fsl_sim.c ****  * SOFTWARE, EVEN IF ADVISED OF THE POSSIBILITY OF SUCH DAMAGE.
  33:../drivers/fsl_sim.c ****  */
  34:../drivers/fsl_sim.c **** 
  35:../drivers/fsl_sim.c **** #include "fsl_sim.h"
  36:../drivers/fsl_sim.c **** 
  37:../drivers/fsl_sim.c **** /*******************************************************************************
  38:../drivers/fsl_sim.c ****  * Codes
  39:../drivers/fsl_sim.c ****  ******************************************************************************/
  40:../drivers/fsl_sim.c **** #if (defined(FSL_FEATURE_SIM_OPT_HAS_USB_VOLTAGE_REGULATOR) && FSL_FEATURE_SIM_OPT_HAS_USB_VOLTAGE_
  41:../drivers/fsl_sim.c **** void SIM_SetUsbVoltRegulatorEnableMode(uint32_t mask)
  42:../drivers/fsl_sim.c **** {
  43:../drivers/fsl_sim.c ****     SIM->SOPT1CFG |= (SIM_SOPT1CFG_URWE_MASK | SIM_SOPT1CFG_UVSWE_MASK | SIM_SOPT1CFG_USSWE_MASK);
  44:../drivers/fsl_sim.c **** 
  45:../drivers/fsl_sim.c ****     SIM->SOPT1 = (SIM->SOPT1 & ~kSIM_UsbVoltRegEnableInAllModes) | mask;
  46:../drivers/fsl_sim.c **** }
  47:../drivers/fsl_sim.c **** #endif /* FSL_FEATURE_SIM_OPT_HAS_USB_VOLTAGE_REGULATOR */
  48:../drivers/fsl_sim.c **** 
  49:../drivers/fsl_sim.c **** void SIM_GetUniqueId(sim_uid_t *uid)
  50:../drivers/fsl_sim.c **** {
  26              		.loc 1 50 0
  27              		.cfi_startproc
  28              		@ args = 0, pretend = 0, frame = 0
  29              		@ frame_needed = 0, uses_anonymous_args = 0
  30              		@ link register save eliminated.
  31              	.LVL0:
  51:../drivers/fsl_sim.c **** #if defined(SIM_UIDH)
  52:../drivers/fsl_sim.c ****     uid->H = SIM->UIDH;
  53:../drivers/fsl_sim.c **** #endif
  54:../drivers/fsl_sim.c **** #if (defined(FSL_FEATURE_SIM_HAS_UIDM) && FSL_FEATURE_SIM_HAS_UIDM)
  55:../drivers/fsl_sim.c ****     uid->M = SIM->UIDM;
  56:../drivers/fsl_sim.c **** #else
  57:../drivers/fsl_sim.c ****     uid->MH = SIM->UIDMH;
  32              		.loc 1 57 0
  33 0000 054B     		ldr	r3, .L2
  34 0002 064A     		ldr	r2, .L2+4
  35 0004 9A58     		ldr	r2, [r3, r2]
  36 0006 0260     		str	r2, [r0]
  58:../drivers/fsl_sim.c ****     uid->ML = SIM->UIDML;
  37              		.loc 1 58 0
  38 0008 054A     		ldr	r2, .L2+8
  39 000a 9A58     		ldr	r2, [r3, r2]
  40 000c 4260     		str	r2, [r0, #4]
  59:../drivers/fsl_sim.c **** #endif /* FSL_FEATURE_SIM_HAS_UIDM */
  60:../drivers/fsl_sim.c ****     uid->L = SIM->UIDL;
  41              		.loc 1 60 0
  42 000e 8322     		movs	r2, #131
  43 0010 5201     		lsls	r2, r2, #5
  44 0012 9B58     		ldr	r3, [r3, r2]
  45 0014 8360     		str	r3, [r0, #8]
  61:../drivers/fsl_sim.c **** }
  46              		.loc 1 61 0
  47              		@ sp needed
  48 0016 7047     		bx	lr
  49              	.L3:
  50              		.align	2
  51              	.L2:
  52 0018 00700440 		.word	1074032640
  53 001c 58100000 		.word	4184
  54 0020 5C100000 		.word	4188
  55              		.cfi_endproc
  56              	.LFE54:
  58              		.text
  59              	.Letext0:
  60              		.file 2 "/opt/gcc-arm-none-eabi-7-2017-q4-major/arm-none-eabi/include/machine/_default_types.h"
  61              		.file 3 "/opt/gcc-arm-none-eabi-7-2017-q4-major/arm-none-eabi/include/sys/_stdint.h"
  62              		.file 4 "/opt/gcc-arm-none-eabi-7-2017-q4-major/arm-none-eabi/include/sys/lock.h"
  63              		.file 5 "/opt/gcc-arm-none-eabi-7-2017-q4-major/arm-none-eabi/include/sys/_types.h"
  64              		.file 6 "/opt/gcc-arm-none-eabi-7-2017-q4-major/lib/gcc/arm-none-eabi/7.2.1/include/stddef.h"
  65              		.file 7 "/opt/gcc-arm-none-eabi-7-2017-q4-major/arm-none-eabi/include/sys/reent.h"
  66              		.file 8 "../CMSIS/system_MKL17Z4.h"
  67              		.file 9 "../CMSIS/MKL17Z4.h"
  68              		.file 10 "../drivers/fsl_clock.h"
  69              		.file 11 "../drivers/fsl_sim.h"
DEFINED SYMBOLS
                            *ABS*:0000000000000000 fsl_sim.c
     /tmp/cc39t37v.s:16     .text.SIM_GetUniqueId:0000000000000000 $t
     /tmp/cc39t37v.s:23     .text.SIM_GetUniqueId:0000000000000000 SIM_GetUniqueId
     /tmp/cc39t37v.s:52     .text.SIM_GetUniqueId:0000000000000018 $d

NO UNDEFINED SYMBOLS
