   1              		.cpu cortex-m0plus
   2              		.eabi_attribute 20, 1
   3              		.eabi_attribute 21, 1
   4              		.eabi_attribute 23, 3
   5              		.eabi_attribute 24, 1
   6              		.eabi_attribute 25, 1
   7              		.eabi_attribute 26, 1
   8              		.eabi_attribute 30, 1
   9              		.eabi_attribute 34, 0
  10              		.eabi_attribute 18, 4
  11              		.file	"fsl_pmc.c"
  12              		.text
  13              	.Ltext0:
  14              		.cfi_sections	.debug_frame
  15              		.section	.text.PMC_ConfigureLowVoltDetect,"ax",%progbits
  16              		.align	1
  17              		.global	PMC_ConfigureLowVoltDetect
  18              		.syntax unified
  19              		.code	16
  20              		.thumb_func
  21              		.fpu softvfp
  23              	PMC_ConfigureLowVoltDetect:
  24              	.LFB60:
  25              		.file 1 "../drivers/fsl_pmc.c"
   1:../drivers/fsl_pmc.c **** /*
   2:../drivers/fsl_pmc.c ****  * The Clear BSD License
   3:../drivers/fsl_pmc.c ****  * Copyright (c) 2015, Freescale Semiconductor, Inc.
   4:../drivers/fsl_pmc.c ****  * Copyright 2016-2017 NXP
   5:../drivers/fsl_pmc.c ****  * All rights reserved.
   6:../drivers/fsl_pmc.c ****  *
   7:../drivers/fsl_pmc.c ****  * Redistribution and use in source and binary forms, with or without modification,
   8:../drivers/fsl_pmc.c ****  * are permitted (subject to the limitations in the disclaimer below) provided
   9:../drivers/fsl_pmc.c ****  * that the following conditions are met:
  10:../drivers/fsl_pmc.c ****  *
  11:../drivers/fsl_pmc.c ****  * o Redistributions of source code must retain the above copyright notice, this list
  12:../drivers/fsl_pmc.c ****  *   of conditions and the following disclaimer.
  13:../drivers/fsl_pmc.c ****  *
  14:../drivers/fsl_pmc.c ****  * o Redistributions in binary form must reproduce the above copyright notice, this
  15:../drivers/fsl_pmc.c ****  *   list of conditions and the following disclaimer in the documentation and/or
  16:../drivers/fsl_pmc.c ****  *   other materials provided with the distribution.
  17:../drivers/fsl_pmc.c ****  *
  18:../drivers/fsl_pmc.c ****  * o Neither the name of the copyright holder nor the names of its
  19:../drivers/fsl_pmc.c ****  *   contributors may be used to endorse or promote products derived from this
  20:../drivers/fsl_pmc.c ****  *   software without specific prior written permission.
  21:../drivers/fsl_pmc.c ****  *
  22:../drivers/fsl_pmc.c ****  * NO EXPRESS OR IMPLIED LICENSES TO ANY PARTY'S PATENT RIGHTS ARE GRANTED BY THIS LICENSE.
  23:../drivers/fsl_pmc.c ****  * THIS SOFTWARE IS PROVIDED BY THE COPYRIGHT HOLDERS AND CONTRIBUTORS "AS IS" AND
  24:../drivers/fsl_pmc.c ****  * ANY EXPRESS OR IMPLIED WARRANTIES, INCLUDING, BUT NOT LIMITED TO, THE IMPLIED
  25:../drivers/fsl_pmc.c ****  * WARRANTIES OF MERCHANTABILITY AND FITNESS FOR A PARTICULAR PURPOSE ARE
  26:../drivers/fsl_pmc.c ****  * DISCLAIMED. IN NO EVENT SHALL THE COPYRIGHT HOLDER OR CONTRIBUTORS BE LIABLE FOR
  27:../drivers/fsl_pmc.c ****  * ANY DIRECT, INDIRECT, INCIDENTAL, SPECIAL, EXEMPLARY, OR CONSEQUENTIAL DAMAGES
  28:../drivers/fsl_pmc.c ****  * (INCLUDING, BUT NOT LIMITED TO, PROCUREMENT OF SUBSTITUTE GOODS OR SERVICES;
  29:../drivers/fsl_pmc.c ****  * LOSS OF USE, DATA, OR PROFITS; OR BUSINESS INTERRUPTION) HOWEVER CAUSED AND ON
  30:../drivers/fsl_pmc.c ****  * ANY THEORY OF LIABILITY, WHETHER IN CONTRACT, STRICT LIABILITY, OR TORT
  31:../drivers/fsl_pmc.c ****  * (INCLUDING NEGLIGENCE OR OTHERWISE) ARISING IN ANY WAY OUT OF THE USE OF THIS
  32:../drivers/fsl_pmc.c ****  * SOFTWARE, EVEN IF ADVISED OF THE POSSIBILITY OF SUCH DAMAGE.
  33:../drivers/fsl_pmc.c ****  */
  34:../drivers/fsl_pmc.c **** #include "fsl_pmc.h"
  35:../drivers/fsl_pmc.c **** 
  36:../drivers/fsl_pmc.c **** #if (defined(FSL_FEATURE_PMC_HAS_PARAM) && FSL_FEATURE_PMC_HAS_PARAM)
  37:../drivers/fsl_pmc.c **** void PMC_GetParam(PMC_Type *base, pmc_param_t *param)
  38:../drivers/fsl_pmc.c **** {
  39:../drivers/fsl_pmc.c ****     uint32_t reg = base->PARAM;
  40:../drivers/fsl_pmc.c ****     ;
  41:../drivers/fsl_pmc.c ****     param->vlpoEnable = (bool)(reg & PMC_PARAM_VLPOE_MASK);
  42:../drivers/fsl_pmc.c ****     param->hvdEnable = (bool)(reg & PMC_PARAM_HVDE_MASK);
  43:../drivers/fsl_pmc.c **** }
  44:../drivers/fsl_pmc.c **** #endif /* FSL_FEATURE_PMC_HAS_PARAM */
  45:../drivers/fsl_pmc.c **** 
  46:../drivers/fsl_pmc.c **** void PMC_ConfigureLowVoltDetect(PMC_Type *base, const pmc_low_volt_detect_config_t *config)
  47:../drivers/fsl_pmc.c **** {
  26              		.loc 1 47 0
  27              		.cfi_startproc
  28              		@ args = 0, pretend = 0, frame = 0
  29              		@ frame_needed = 0, uses_anonymous_args = 0
  30              		@ link register save eliminated.
  31              	.LVL0:
  48:../drivers/fsl_pmc.c ****     base->LVDSC1 = (0U |
  49:../drivers/fsl_pmc.c **** #if (defined(FSL_FEATURE_PMC_HAS_LVDV) && FSL_FEATURE_PMC_HAS_LVDV)
  50:../drivers/fsl_pmc.c ****                     ((uint32_t)config->voltSelect << PMC_LVDSC1_LVDV_SHIFT) |
  32              		.loc 1 50 0
  33 0000 8B78     		ldrb	r3, [r1, #2]
  51:../drivers/fsl_pmc.c **** #endif
  52:../drivers/fsl_pmc.c ****                     ((uint32_t)config->enableInt << PMC_LVDSC1_LVDIE_SHIFT) |
  34              		.loc 1 52 0
  35 0002 0A78     		ldrb	r2, [r1]
  36 0004 5201     		lsls	r2, r2, #5
  37 0006 D2B2     		uxtb	r2, r2
  50:../drivers/fsl_pmc.c **** #endif
  38              		.loc 1 50 0
  39 0008 1343     		orrs	r3, r2
  53:../drivers/fsl_pmc.c ****                     ((uint32_t)config->enableReset << PMC_LVDSC1_LVDRE_SHIFT)
  40              		.loc 1 53 0
  41 000a 4A78     		ldrb	r2, [r1, #1]
  42 000c 1201     		lsls	r2, r2, #4
  43 000e D2B2     		uxtb	r2, r2
  52:../drivers/fsl_pmc.c ****                     ((uint32_t)config->enableReset << PMC_LVDSC1_LVDRE_SHIFT)
  44              		.loc 1 52 0
  45 0010 1343     		orrs	r3, r2
  54:../drivers/fsl_pmc.c ****                     /* Clear the Low Voltage Detect Flag with previouse power detect setting */
  55:../drivers/fsl_pmc.c ****                     | PMC_LVDSC1_LVDACK_MASK);
  46              		.loc 1 55 0
  47 0012 4022     		movs	r2, #64
  48 0014 1343     		orrs	r3, r2
  48:../drivers/fsl_pmc.c **** #if (defined(FSL_FEATURE_PMC_HAS_LVDV) && FSL_FEATURE_PMC_HAS_LVDV)
  49              		.loc 1 48 0
  50 0016 0370     		strb	r3, [r0]
  56:../drivers/fsl_pmc.c **** }
  51              		.loc 1 56 0
  52              		@ sp needed
  53 0018 7047     		bx	lr
  54              		.cfi_endproc
  55              	.LFE60:
  57              		.section	.text.PMC_ConfigureLowVoltWarning,"ax",%progbits
  58              		.align	1
  59              		.global	PMC_ConfigureLowVoltWarning
  60              		.syntax unified
  61              		.code	16
  62              		.thumb_func
  63              		.fpu softvfp
  65              	PMC_ConfigureLowVoltWarning:
  66              	.LFB61:
  57:../drivers/fsl_pmc.c **** 
  58:../drivers/fsl_pmc.c **** void PMC_ConfigureLowVoltWarning(PMC_Type *base, const pmc_low_volt_warning_config_t *config)
  59:../drivers/fsl_pmc.c **** {
  67              		.loc 1 59 0
  68              		.cfi_startproc
  69              		@ args = 0, pretend = 0, frame = 0
  70              		@ frame_needed = 0, uses_anonymous_args = 0
  71              		@ link register save eliminated.
  72              	.LVL1:
  60:../drivers/fsl_pmc.c ****     base->LVDSC2 = (0U |
  61:../drivers/fsl_pmc.c **** #if (defined(FSL_FEATURE_PMC_HAS_LVWV) && FSL_FEATURE_PMC_HAS_LVWV)
  62:../drivers/fsl_pmc.c ****                     ((uint32_t)config->voltSelect << PMC_LVDSC2_LVWV_SHIFT) |
  73              		.loc 1 62 0
  74 0000 4B78     		ldrb	r3, [r1, #1]
  63:../drivers/fsl_pmc.c **** #endif
  64:../drivers/fsl_pmc.c ****                     ((uint32_t)config->enableInt << PMC_LVDSC2_LVWIE_SHIFT)
  75              		.loc 1 64 0
  76 0002 0A78     		ldrb	r2, [r1]
  77 0004 5201     		lsls	r2, r2, #5
  78 0006 D2B2     		uxtb	r2, r2
  62:../drivers/fsl_pmc.c **** #endif
  79              		.loc 1 62 0
  80 0008 1343     		orrs	r3, r2
  65:../drivers/fsl_pmc.c ****                     /* Clear the Low Voltage Warning Flag with previouse power detect setting */
  66:../drivers/fsl_pmc.c ****                     | PMC_LVDSC2_LVWACK_MASK);
  81              		.loc 1 66 0
  82 000a 4022     		movs	r2, #64
  83 000c 1343     		orrs	r3, r2
  60:../drivers/fsl_pmc.c **** #if (defined(FSL_FEATURE_PMC_HAS_LVWV) && FSL_FEATURE_PMC_HAS_LVWV)
  84              		.loc 1 60 0
  85 000e 4370     		strb	r3, [r0, #1]
  67:../drivers/fsl_pmc.c **** }
  86              		.loc 1 67 0
  87              		@ sp needed
  88 0010 7047     		bx	lr
  89              		.cfi_endproc
  90              	.LFE61:
  92              		.section	.text.PMC_ConfigureBandgapBuffer,"ax",%progbits
  93              		.align	1
  94              		.global	PMC_ConfigureBandgapBuffer
  95              		.syntax unified
  96              		.code	16
  97              		.thumb_func
  98              		.fpu softvfp
 100              	PMC_ConfigureBandgapBuffer:
 101              	.LFB62:
  68:../drivers/fsl_pmc.c **** 
  69:../drivers/fsl_pmc.c **** #if (defined(FSL_FEATURE_PMC_HAS_HVDSC1) && FSL_FEATURE_PMC_HAS_HVDSC1)
  70:../drivers/fsl_pmc.c **** void PMC_ConfigureHighVoltDetect(PMC_Type *base, const pmc_high_volt_detect_config_t *config)
  71:../drivers/fsl_pmc.c **** {
  72:../drivers/fsl_pmc.c ****     base->HVDSC1 = (((uint32_t)config->voltSelect << PMC_HVDSC1_HVDV_SHIFT) |
  73:../drivers/fsl_pmc.c ****                     ((uint32_t)config->enableInt << PMC_HVDSC1_HVDIE_SHIFT) |
  74:../drivers/fsl_pmc.c ****                     ((uint32_t)config->enableReset << PMC_HVDSC1_HVDRE_SHIFT)
  75:../drivers/fsl_pmc.c ****                     /* Clear the High Voltage Detect Flag with previouse power detect setting */
  76:../drivers/fsl_pmc.c ****                     | PMC_HVDSC1_HVDACK_MASK);
  77:../drivers/fsl_pmc.c **** }
  78:../drivers/fsl_pmc.c **** #endif /* FSL_FEATURE_PMC_HAS_HVDSC1 */
  79:../drivers/fsl_pmc.c **** 
  80:../drivers/fsl_pmc.c **** #if ((defined(FSL_FEATURE_PMC_HAS_BGBE) && FSL_FEATURE_PMC_HAS_BGBE) || \
  81:../drivers/fsl_pmc.c ****      (defined(FSL_FEATURE_PMC_HAS_BGEN) && FSL_FEATURE_PMC_HAS_BGEN) || \
  82:../drivers/fsl_pmc.c ****      (defined(FSL_FEATURE_PMC_HAS_BGBDS) && FSL_FEATURE_PMC_HAS_BGBDS))
  83:../drivers/fsl_pmc.c **** void PMC_ConfigureBandgapBuffer(PMC_Type *base, const pmc_bandgap_buffer_config_t *config)
  84:../drivers/fsl_pmc.c **** {
 102              		.loc 1 84 0
 103              		.cfi_startproc
 104              		@ args = 0, pretend = 0, frame = 0
 105              		@ frame_needed = 0, uses_anonymous_args = 0
 106              	.LVL2:
 107 0000 10B5     		push	{r4, lr}
 108              		.cfi_def_cfa_offset 8
 109              		.cfi_offset 4, -8
 110              		.cfi_offset 14, -4
  85:../drivers/fsl_pmc.c ****     base->REGSC = (0U
  86:../drivers/fsl_pmc.c **** #if (defined(FSL_FEATURE_PMC_HAS_BGBE) && FSL_FEATURE_PMC_HAS_BGBE)
  87:../drivers/fsl_pmc.c ****                    | ((uint32_t)config->enable << PMC_REGSC_BGBE_SHIFT)
 111              		.loc 1 87 0
 112 0002 0C78     		ldrb	r4, [r1]
  88:../drivers/fsl_pmc.c **** #endif /* FSL_FEATURE_PMC_HAS_BGBE */
  89:../drivers/fsl_pmc.c **** #if (defined(FSL_FEATURE_PMC_HAS_BGEN) && FSL_FEATURE_PMC_HAS_BGEN)
  90:../drivers/fsl_pmc.c ****                    | (((uint32_t)config->enableInLowPowerMode << PMC_REGSC_BGEN_SHIFT))
 113              		.loc 1 90 0
 114 0004 4A78     		ldrb	r2, [r1, #1]
 115 0006 1201     		lsls	r2, r2, #4
 116 0008 D3B2     		uxtb	r3, r2
 117 000a 2343     		orrs	r3, r4
  85:../drivers/fsl_pmc.c ****     base->REGSC = (0U
 118              		.loc 1 85 0
 119 000c 8370     		strb	r3, [r0, #2]
  91:../drivers/fsl_pmc.c **** #endif /* FSL_FEATURE_PMC_HAS_BGEN */
  92:../drivers/fsl_pmc.c **** #if (defined(FSL_FEATURE_PMC_HAS_BGBDS) && FSL_FEATURE_PMC_HAS_BGBDS)
  93:../drivers/fsl_pmc.c ****                    | ((uint32_t)config->drive << PMC_REGSC_BGBDS_SHIFT)
  94:../drivers/fsl_pmc.c **** #endif /* FSL_FEATURE_PMC_HAS_BGBDS */
  95:../drivers/fsl_pmc.c ****                        );
  96:../drivers/fsl_pmc.c **** }
 120              		.loc 1 96 0
 121              		@ sp needed
 122 000e 10BD     		pop	{r4, pc}
 123              		.cfi_endproc
 124              	.LFE62:
 126              		.text
 127              	.Letext0:
 128              		.file 2 "/opt/gcc-arm-none-eabi-7-2017-q4-major/arm-none-eabi/include/machine/_default_types.h"
 129              		.file 3 "/opt/gcc-arm-none-eabi-7-2017-q4-major/arm-none-eabi/include/sys/_stdint.h"
 130              		.file 4 "/opt/gcc-arm-none-eabi-7-2017-q4-major/arm-none-eabi/include/sys/lock.h"
 131              		.file 5 "/opt/gcc-arm-none-eabi-7-2017-q4-major/arm-none-eabi/include/sys/_types.h"
 132              		.file 6 "/opt/gcc-arm-none-eabi-7-2017-q4-major/lib/gcc/arm-none-eabi/7.2.1/include/stddef.h"
 133              		.file 7 "/opt/gcc-arm-none-eabi-7-2017-q4-major/arm-none-eabi/include/sys/reent.h"
 134              		.file 8 "../CMSIS/system_MKL17Z4.h"
 135              		.file 9 "../CMSIS/MKL17Z4.h"
 136              		.file 10 "../drivers/fsl_clock.h"
 137              		.file 11 "../drivers/fsl_pmc.h"
DEFINED SYMBOLS
                            *ABS*:0000000000000000 fsl_pmc.c
     /tmp/cc2HUlLh.s:16     .text.PMC_ConfigureLowVoltDetect:0000000000000000 $t
     /tmp/cc2HUlLh.s:23     .text.PMC_ConfigureLowVoltDetect:0000000000000000 PMC_ConfigureLowVoltDetect
     /tmp/cc2HUlLh.s:58     .text.PMC_ConfigureLowVoltWarning:0000000000000000 $t
     /tmp/cc2HUlLh.s:65     .text.PMC_ConfigureLowVoltWarning:0000000000000000 PMC_ConfigureLowVoltWarning
     /tmp/cc2HUlLh.s:93     .text.PMC_ConfigureBandgapBuffer:0000000000000000 $t
     /tmp/cc2HUlLh.s:100    .text.PMC_ConfigureBandgapBuffer:0000000000000000 PMC_ConfigureBandgapBuffer

NO UNDEFINED SYMBOLS
