   1              		.cpu cortex-m0plus
   2              		.eabi_attribute 20, 1
   3              		.eabi_attribute 21, 1
   4              		.eabi_attribute 23, 3
   5              		.eabi_attribute 24, 1
   6              		.eabi_attribute 25, 1
   7              		.eabi_attribute 26, 1
   8              		.eabi_attribute 30, 1
   9              		.eabi_attribute 34, 0
  10              		.eabi_attribute 18, 4
  11              		.file	"fsl_rcm.c"
  12              		.text
  13              	.Ltext0:
  14              		.cfi_sections	.debug_frame
  15              		.section	.text.RCM_ConfigureResetPinFilter,"ax",%progbits
  16              		.align	1
  17              		.global	RCM_ConfigureResetPinFilter
  18              		.syntax unified
  19              		.code	16
  20              		.thumb_func
  21              		.fpu softvfp
  23              	RCM_ConfigureResetPinFilter:
  24              	.LFB58:
  25              		.file 1 "../drivers/fsl_rcm.c"
   1:../drivers/fsl_rcm.c **** /*
   2:../drivers/fsl_rcm.c ****  * The Clear BSD License
   3:../drivers/fsl_rcm.c ****  * Copyright (c) 2015, Freescale Semiconductor, Inc.
   4:../drivers/fsl_rcm.c ****  * Copyright 2016-2017 NXP
   5:../drivers/fsl_rcm.c ****  * All rights reserved.
   6:../drivers/fsl_rcm.c ****  *
   7:../drivers/fsl_rcm.c ****  * Redistribution and use in source and binary forms, with or without modification,
   8:../drivers/fsl_rcm.c ****  * are permitted (subject to the limitations in the disclaimer below) provided
   9:../drivers/fsl_rcm.c ****  * that the following conditions are met:
  10:../drivers/fsl_rcm.c ****  *
  11:../drivers/fsl_rcm.c ****  * o Redistributions of source code must retain the above copyright notice, this list
  12:../drivers/fsl_rcm.c ****  *   of conditions and the following disclaimer.
  13:../drivers/fsl_rcm.c ****  *
  14:../drivers/fsl_rcm.c ****  * o Redistributions in binary form must reproduce the above copyright notice, this
  15:../drivers/fsl_rcm.c ****  *   list of conditions and the following disclaimer in the documentation and/or
  16:../drivers/fsl_rcm.c ****  *   other materials provided with the distribution.
  17:../drivers/fsl_rcm.c ****  *
  18:../drivers/fsl_rcm.c ****  * o Neither the name of the copyright holder nor the names of its
  19:../drivers/fsl_rcm.c ****  *   contributors may be used to endorse or promote products derived from this
  20:../drivers/fsl_rcm.c ****  *   software without specific prior written permission.
  21:../drivers/fsl_rcm.c ****  *
  22:../drivers/fsl_rcm.c ****  * NO EXPRESS OR IMPLIED LICENSES TO ANY PARTY'S PATENT RIGHTS ARE GRANTED BY THIS LICENSE.
  23:../drivers/fsl_rcm.c ****  * THIS SOFTWARE IS PROVIDED BY THE COPYRIGHT HOLDERS AND CONTRIBUTORS "AS IS" AND
  24:../drivers/fsl_rcm.c ****  * ANY EXPRESS OR IMPLIED WARRANTIES, INCLUDING, BUT NOT LIMITED TO, THE IMPLIED
  25:../drivers/fsl_rcm.c ****  * WARRANTIES OF MERCHANTABILITY AND FITNESS FOR A PARTICULAR PURPOSE ARE
  26:../drivers/fsl_rcm.c ****  * DISCLAIMED. IN NO EVENT SHALL THE COPYRIGHT HOLDER OR CONTRIBUTORS BE LIABLE FOR
  27:../drivers/fsl_rcm.c ****  * ANY DIRECT, INDIRECT, INCIDENTAL, SPECIAL, EXEMPLARY, OR CONSEQUENTIAL DAMAGES
  28:../drivers/fsl_rcm.c ****  * (INCLUDING, BUT NOT LIMITED TO, PROCUREMENT OF SUBSTITUTE GOODS OR SERVICES;
  29:../drivers/fsl_rcm.c ****  * LOSS OF USE, DATA, OR PROFITS; OR BUSINESS INTERRUPTION) HOWEVER CAUSED AND ON
  30:../drivers/fsl_rcm.c ****  * ANY THEORY OF LIABILITY, WHETHER IN CONTRACT, STRICT LIABILITY, OR TORT
  31:../drivers/fsl_rcm.c ****  * (INCLUDING NEGLIGENCE OR OTHERWISE) ARISING IN ANY WAY OUT OF THE USE OF THIS
  32:../drivers/fsl_rcm.c ****  * SOFTWARE, EVEN IF ADVISED OF THE POSSIBILITY OF SUCH DAMAGE.
  33:../drivers/fsl_rcm.c ****  */
  34:../drivers/fsl_rcm.c **** 
  35:../drivers/fsl_rcm.c **** #include "fsl_rcm.h"
  36:../drivers/fsl_rcm.c **** 
  37:../drivers/fsl_rcm.c **** void RCM_ConfigureResetPinFilter(RCM_Type *base, const rcm_reset_pin_filter_config_t *config)
  38:../drivers/fsl_rcm.c **** {
  26              		.loc 1 38 0
  27              		.cfi_startproc
  28              		@ args = 0, pretend = 0, frame = 0
  29              		@ frame_needed = 0, uses_anonymous_args = 0
  30              		@ link register save eliminated.
  31              	.LVL0:
  39:../drivers/fsl_rcm.c ****     assert(config);
  40:../drivers/fsl_rcm.c **** 
  41:../drivers/fsl_rcm.c **** #if (defined(FSL_FEATURE_RCM_REG_WIDTH) && (FSL_FEATURE_RCM_REG_WIDTH == 32))
  42:../drivers/fsl_rcm.c ****     uint32_t reg;
  43:../drivers/fsl_rcm.c **** 
  44:../drivers/fsl_rcm.c ****     reg = (((uint32_t)config->enableFilterInStop << RCM_RPC_RSTFLTSS_SHIFT) | (uint32_t)config->fil
  45:../drivers/fsl_rcm.c ****     if (config->filterInRunWait == kRCM_FilterBusClock)
  46:../drivers/fsl_rcm.c ****     {
  47:../drivers/fsl_rcm.c ****         reg |= ((uint32_t)config->busClockFilterCount << RCM_RPC_RSTFLTSEL_SHIFT);
  48:../drivers/fsl_rcm.c ****     }
  49:../drivers/fsl_rcm.c ****     base->RPC = reg;
  50:../drivers/fsl_rcm.c **** #else
  51:../drivers/fsl_rcm.c ****     base->RPFC = ((uint8_t)(config->enableFilterInStop << RCM_RPFC_RSTFLTSS_SHIFT) | (uint8_t)confi
  32              		.loc 1 51 0
  33 0000 0B78     		ldrb	r3, [r1]
  34 0002 9B00     		lsls	r3, r3, #2
  35 0004 DBB2     		uxtb	r3, r3
  36 0006 4A78     		ldrb	r2, [r1, #1]
  37 0008 1343     		orrs	r3, r2
  38 000a 0371     		strb	r3, [r0, #4]
  52:../drivers/fsl_rcm.c ****     if (config->filterInRunWait == kRCM_FilterBusClock)
  39              		.loc 1 52 0
  40 000c 4B78     		ldrb	r3, [r1, #1]
  41 000e 012B     		cmp	r3, #1
  42 0010 00D0     		beq	.L3
  43              	.L1:
  53:../drivers/fsl_rcm.c ****     {
  54:../drivers/fsl_rcm.c ****         base->RPFW = config->busClockFilterCount;
  55:../drivers/fsl_rcm.c ****     }
  56:../drivers/fsl_rcm.c **** #endif /* FSL_FEATURE_RCM_REG_WIDTH */
  57:../drivers/fsl_rcm.c **** }
  44              		.loc 1 57 0
  45              		@ sp needed
  46 0012 7047     		bx	lr
  47              	.L3:
  54:../drivers/fsl_rcm.c ****     }
  48              		.loc 1 54 0
  49 0014 8B78     		ldrb	r3, [r1, #2]
  50 0016 4371     		strb	r3, [r0, #5]
  51              		.loc 1 57 0
  52 0018 FBE7     		b	.L1
  53              		.cfi_endproc
  54              	.LFE58:
  56              		.section	.text.RCM_SetForceBootRomSource,"ax",%progbits
  57              		.align	1
  58              		.global	RCM_SetForceBootRomSource
  59              		.syntax unified
  60              		.code	16
  61              		.thumb_func
  62              		.fpu softvfp
  64              	RCM_SetForceBootRomSource:
  65              	.LFB59:
  58:../drivers/fsl_rcm.c **** 
  59:../drivers/fsl_rcm.c **** #if (defined(FSL_FEATURE_RCM_HAS_BOOTROM) && FSL_FEATURE_RCM_HAS_BOOTROM)
  60:../drivers/fsl_rcm.c **** void RCM_SetForceBootRomSource(RCM_Type *base, rcm_boot_rom_config_t config)
  61:../drivers/fsl_rcm.c **** {
  66              		.loc 1 61 0
  67              		.cfi_startproc
  68              		@ args = 0, pretend = 0, frame = 0
  69              		@ frame_needed = 0, uses_anonymous_args = 0
  70              		@ link register save eliminated.
  71              	.LVL1:
  62:../drivers/fsl_rcm.c ****     uint32_t reg;
  63:../drivers/fsl_rcm.c **** 
  64:../drivers/fsl_rcm.c ****     reg = base->FM;
  72              		.loc 1 64 0
  73 0000 8379     		ldrb	r3, [r0, #6]
  74              	.LVL2:
  65:../drivers/fsl_rcm.c ****     reg &= ~RCM_FM_FORCEROM_MASK;
  75              		.loc 1 65 0
  76 0002 0622     		movs	r2, #6
  77 0004 9343     		bics	r3, r2
  78              	.LVL3:
  66:../drivers/fsl_rcm.c ****     reg |= ((uint32_t)config << RCM_FM_FORCEROM_SHIFT);
  79              		.loc 1 66 0
  80 0006 4900     		lsls	r1, r1, #1
  81              	.LVL4:
  82 0008 1943     		orrs	r1, r3
  83              	.LVL5:
  67:../drivers/fsl_rcm.c ****     base->FM = reg;
  84              		.loc 1 67 0
  85 000a C9B2     		uxtb	r1, r1
  86              	.LVL6:
  87 000c 8171     		strb	r1, [r0, #6]
  68:../drivers/fsl_rcm.c **** }
  88              		.loc 1 68 0
  89              		@ sp needed
  90 000e 7047     		bx	lr
  91              		.cfi_endproc
  92              	.LFE59:
  94              		.text
  95              	.Letext0:
  96              		.file 2 "/opt/gcc-arm-none-eabi-7-2017-q4-major/arm-none-eabi/include/machine/_default_types.h"
  97              		.file 3 "/opt/gcc-arm-none-eabi-7-2017-q4-major/arm-none-eabi/include/sys/_stdint.h"
  98              		.file 4 "/opt/gcc-arm-none-eabi-7-2017-q4-major/arm-none-eabi/include/sys/lock.h"
  99              		.file 5 "/opt/gcc-arm-none-eabi-7-2017-q4-major/arm-none-eabi/include/sys/_types.h"
 100              		.file 6 "/opt/gcc-arm-none-eabi-7-2017-q4-major/lib/gcc/arm-none-eabi/7.2.1/include/stddef.h"
 101              		.file 7 "/opt/gcc-arm-none-eabi-7-2017-q4-major/arm-none-eabi/include/sys/reent.h"
 102              		.file 8 "../CMSIS/system_MKL17Z4.h"
 103              		.file 9 "../CMSIS/MKL17Z4.h"
 104              		.file 10 "../drivers/fsl_clock.h"
 105              		.file 11 "../drivers/fsl_rcm.h"
DEFINED SYMBOLS
                            *ABS*:0000000000000000 fsl_rcm.c
     /tmp/ccJTuuOj.s:16     .text.RCM_ConfigureResetPinFilter:0000000000000000 $t
     /tmp/ccJTuuOj.s:23     .text.RCM_ConfigureResetPinFilter:0000000000000000 RCM_ConfigureResetPinFilter
     /tmp/ccJTuuOj.s:57     .text.RCM_SetForceBootRomSource:0000000000000000 $t
     /tmp/ccJTuuOj.s:64     .text.RCM_SetForceBootRomSource:0000000000000000 RCM_SetForceBootRomSource

NO UNDEFINED SYMBOLS
