   1              		.cpu cortex-m4
   2              		.eabi_attribute 27, 1
   3              		.eabi_attribute 28, 1
   4              		.eabi_attribute 20, 1
   5              		.eabi_attribute 21, 1
   6              		.eabi_attribute 23, 3
   7              		.eabi_attribute 24, 1
   8              		.eabi_attribute 25, 1
   9              		.eabi_attribute 26, 1
  10              		.eabi_attribute 30, 4
  11              		.eabi_attribute 34, 1
  12              		.eabi_attribute 18, 4
  13              		.file	"peripherals.c"
  14              		.text
  15              	.Ltext0:
  16              		.cfi_sections	.debug_frame
  17              		.section	.text.BOARD_InitBootPeripherals,"ax",%progbits
  18              		.align	1
  19              		.global	BOARD_InitBootPeripherals
  20              		.syntax unified
  21              		.thumb
  22              		.thumb_func
  23              		.fpu fpv4-sp-d16
  25              	BOARD_InitBootPeripherals:
  26              	.LFB0:
  27              		.file 1 "../board/peripherals.c"
   1:../board/peripherals.c **** /* TEXT BELOW IS USED AS SETTING FOR TOOLS *************************************
   2:../board/peripherals.c **** !!GlobalInfo
   3:../board/peripherals.c **** product: Peripherals v1.0
   4:../board/peripherals.c ****  * BE CAREFUL MODIFYING THIS COMMENT - IT IS YAML SETTINGS FOR TOOLS **********/
   5:../board/peripherals.c **** 
   6:../board/peripherals.c **** /*******************************************************************************
   7:../board/peripherals.c ****  * Included files
   8:../board/peripherals.c ****  ******************************************************************************/
   9:../board/peripherals.c **** #include "peripherals.h"
  10:../board/peripherals.c **** 
  11:../board/peripherals.c **** /*******************************************************************************
  12:../board/peripherals.c ****  * BOARD_InitBootPeripherals function
  13:../board/peripherals.c ****  ******************************************************************************/
  14:../board/peripherals.c **** void BOARD_InitBootPeripherals(void)
  15:../board/peripherals.c **** {
  28              		.loc 1 15 0
  29              		.cfi_startproc
  30              		@ args = 0, pretend = 0, frame = 0
  31              		@ frame_needed = 0, uses_anonymous_args = 0
  32              		@ link register save eliminated.
  16:../board/peripherals.c **** }
  33              		.loc 1 16 0
  34 0000 7047     		bx	lr
  35              		.cfi_endproc
  36              	.LFE0:
  38              		.text
  39              	.Letext0:
